This file contains any messages produced by compilers while
running configure, to aid debugging if configure makes a mistake.

It was created by readline configure 6.3, which was
generated by GNU Autoconf 2.69.  Invocation command line was

  $ ./configure --prefix=/home/martino/avrdude-build-script/objdir --disable-shared

## --------- ##
## Platform. ##
## --------- ##

hostname = arch-elitebook
uname -m = x86_64
uname -r = 5.9.14-arch1-1
uname -s = Linux
uname -v = #1 SMP PREEMPT Sat, 12 Dec 2020 14:37:12 +0000

/usr/bin/uname -p = unknown
/bin/uname -X     = unknown

/bin/arch              = unknown
/usr/bin/arch -k       = unknown
/usr/convex/getsysinfo = unknown
/usr/bin/hostinfo      = unknown
/bin/machine           = unknown
/usr/bin/oslevel       = unknown
/bin/universe          = unknown

PATH: /ssd/aarch64-gcc/gcc-arm-9.2-2019.12-x86_64-aarch64-none-linux-gnu/bin/
PATH: /ssd/aarch64-gcc/gcc-arm-9.2-2019.12-x86_64-aarch64-none-linux-gnu/bin/
PATH: /bin
PATH: /usr/bin
PATH: /usr/local/bin
PATH: /usr/local/sbin
PATH: /opt/android-sdk/tools
PATH: /usr/lib/emscripten
PATH: /usr/lib/jvm/default/bin
PATH: /usr/bin/site_perl
PATH: /usr/bin/vendor_perl
PATH: /usr/bin/core_perl
PATH: /home/martino/.bashhub/bin


## ----------- ##
## Core tests. ##
## ----------- ##

configure:2300: checking build system type
configure:2314: result: x86_64-unknown-linux-gnu
configure:2334: checking host system type
configure:2347: result: x86_64-unknown-linux-gnu
configure:2453: checking whether make sets $(MAKE)
configure:2475: result: yes
configure:2532: checking for gcc
configure:2548: found /bin/gcc
configure:2559: result: gcc
configure:2788: checking for C compiler version
configure:2797: gcc --version >&5
gcc (GCC) 10.2.0
Copyright (C) 2020 Free Software Foundation, Inc.
This is free software; see the source for copying conditions.  There is NO
warranty; not even for MERCHANTABILITY or FITNESS FOR A PARTICULAR PURPOSE.

configure:2808: $? = 0
configure:2797: gcc -v >&5
Using built-in specs.
COLLECT_GCC=gcc
COLLECT_LTO_WRAPPER=/usr/lib/gcc/x86_64-pc-linux-gnu/10.2.0/lto-wrapper
Target: x86_64-pc-linux-gnu
Configured with: /build/gcc/src/gcc/configure --prefix=/usr --libdir=/usr/lib --libexecdir=/usr/lib --mandir=/usr/share/man --infodir=/usr/share/info --with-bugurl=https://bugs.archlinux.org/ --enable-languages=c,c++,ada,fortran,go,lto,objc,obj-c++,d --with-isl --with-linker-hash-style=gnu --with-system-zlib --enable-__cxa_atexit --enable-cet=auto --enable-checking=release --enable-clocale=gnu --enable-default-pie --enable-default-ssp --enable-gnu-indirect-function --enable-gnu-unique-object --enable-install-libiberty --enable-linker-build-id --enable-lto --enable-multilib --enable-plugin --enable-shared --enable-threads=posix --disable-libssp --disable-libstdcxx-pch --disable-libunwind-exceptions --disable-werror gdc_include_dir=/usr/include/dlang/gdc
Thread model: posix
Supported LTO compression algorithms: zlib zstd
gcc version 10.2.0 (GCC) 
configure:2808: $? = 0
configure:2797: gcc -V >&5
gcc: error: unrecognized command-line option '-V'
gcc: fatal error: no input files
compilation terminated.
configure:2808: $? = 1
configure:2797: gcc -qversion >&5
gcc: error: unrecognized command-line option '-qversion'; did you mean '--version'?
gcc: fatal error: no input files
compilation terminated.
configure:2808: $? = 1
configure:2828: checking whether the C compiler works
configure:2850: gcc -w -O2  -fPIC  -s  -fPIC conftest.c  >&5
configure:2854: $? = 0
configure:2902: result: yes
configure:2905: checking for C compiler default output file name
configure:2907: result: a.out
configure:2913: checking for suffix of executables
configure:2920: gcc -o conftest -w -O2  -fPIC  -s  -fPIC conftest.c  >&5
configure:2924: $? = 0
configure:2946: result: 
configure:2968: checking whether we are cross compiling
configure:2976: gcc -o conftest -w -O2  -fPIC  -s  -fPIC conftest.c  >&5
configure:2980: $? = 0
configure:2987: ./conftest
configure:2991: $? = 0
configure:3006: result: no
configure:3011: checking for suffix of object files
configure:3033: gcc -c -w -O2  -fPIC  conftest.c >&5
configure:3037: $? = 0
configure:3058: result: o
configure:3062: checking whether we are using the GNU C compiler
configure:3081: gcc -c -w -O2  -fPIC  conftest.c >&5
configure:3081: $? = 0
configure:3090: result: yes
configure:3099: checking whether gcc accepts -g
configure:3119: gcc -c -g  conftest.c >&5
configure:3119: $? = 0
configure:3160: result: yes
configure:3177: checking for gcc option to accept ISO C89
configure:3240: gcc  -c -w -O2  -fPIC  conftest.c >&5
configure:3240: $? = 0
configure:3253: result: none needed
configure:3279: checking how to run the C preprocessor
configure:3310: gcc -E  conftest.c
configure:3310: $? = 0
configure:3324: gcc -E  conftest.c
conftest.c:9:10: fatal error: ac_nonexistent.h: No such file or directory
    9 | #include <ac_nonexistent.h>
      |          ^~~~~~~~~~~~~~~~~~
compilation terminated.
configure:3324: $? = 1
configure: failed program was:
| /* confdefs.h */
| #define PACKAGE_NAME "readline"
| #define PACKAGE_TARNAME "readline"
| #define PACKAGE_VERSION "6.3"
| #define PACKAGE_STRING "readline 6.3"
| #define PACKAGE_BUGREPORT "bug-readline@gnu.org"
| #define PACKAGE_URL ""
| /* end confdefs.h.  */
| #include <ac_nonexistent.h>
configure:3349: result: gcc -E
configure:3369: gcc -E  conftest.c
configure:3369: $? = 0
configure:3383: gcc -E  conftest.c
conftest.c:9:10: fatal error: ac_nonexistent.h: No such file or directory
    9 | #include <ac_nonexistent.h>
      |          ^~~~~~~~~~~~~~~~~~
compilation terminated.
configure:3383: $? = 1
configure: failed program was:
| /* confdefs.h */
| #define PACKAGE_NAME "readline"
| #define PACKAGE_TARNAME "readline"
| #define PACKAGE_VERSION "6.3"
| #define PACKAGE_STRING "readline 6.3"
| #define PACKAGE_BUGREPORT "bug-readline@gnu.org"
| #define PACKAGE_URL ""
| /* end confdefs.h.  */
| #include <ac_nonexistent.h>
configure:3412: checking for grep that handles long lines and -e
configure:3470: result: /bin/grep
configure:3475: checking for egrep
configure:3537: result: /bin/grep -E
configure:3542: checking for ANSI C header files
configure:3562: gcc -c -w -O2  -fPIC  conftest.c >&5
configure:3562: $? = 0
configure:3635: gcc -o conftest -w -O2  -fPIC  -s  -fPIC conftest.c  >&5
configure:3635: $? = 0
configure:3635: ./conftest
configure:3635: $? = 0
configure:3646: result: yes
configure:3659: checking for sys/types.h
configure:3659: gcc -c -w -O2  -fPIC  conftest.c >&5
configure:3659: $? = 0
configure:3659: result: yes
configure:3659: checking for sys/stat.h
configure:3659: gcc -c -w -O2  -fPIC  conftest.c >&5
configure:3659: $? = 0
configure:3659: result: yes
configure:3659: checking for stdlib.h
configure:3659: gcc -c -w -O2  -fPIC  conftest.c >&5
configure:3659: $? = 0
configure:3659: result: yes
configure:3659: checking for string.h
configure:3659: gcc -c -w -O2  -fPIC  conftest.c >&5
configure:3659: $? = 0
configure:3659: result: yes
configure:3659: checking for memory.h
configure:3659: gcc -c -w -O2  -fPIC  conftest.c >&5
configure:3659: $? = 0
configure:3659: result: yes
configure:3659: checking for strings.h
configure:3659: gcc -c -w -O2  -fPIC  conftest.c >&5
configure:3659: $? = 0
configure:3659: result: yes
configure:3659: checking for inttypes.h
configure:3659: gcc -c -w -O2  -fPIC  conftest.c >&5
configure:3659: $? = 0
configure:3659: result: yes
configure:3659: checking for stdint.h
configure:3659: gcc -c -w -O2  -fPIC  conftest.c >&5
configure:3659: $? = 0
configure:3659: result: yes
configure:3659: checking for unistd.h
configure:3659: gcc -c -w -O2  -fPIC  conftest.c >&5
configure:3659: $? = 0
configure:3659: result: yes
configure:3672: checking minix/config.h usability
configure:3672: gcc -c -w -O2  -fPIC  conftest.c >&5
conftest.c:52:10: fatal error: minix/config.h: No such file or directory
   52 | #include <minix/config.h>
      |          ^~~~~~~~~~~~~~~~
compilation terminated.
configure:3672: $? = 1
configure: failed program was:
| /* confdefs.h */
| #define PACKAGE_NAME "readline"
| #define PACKAGE_TARNAME "readline"
| #define PACKAGE_VERSION "6.3"
| #define PACKAGE_STRING "readline 6.3"
| #define PACKAGE_BUGREPORT "bug-readline@gnu.org"
| #define PACKAGE_URL ""
| #define STDC_HEADERS 1
| #define HAVE_SYS_TYPES_H 1
| #define HAVE_SYS_STAT_H 1
| #define HAVE_STDLIB_H 1
| #define HAVE_STRING_H 1
| #define HAVE_MEMORY_H 1
| #define HAVE_STRINGS_H 1
| #define HAVE_INTTYPES_H 1
| #define HAVE_STDINT_H 1
| #define HAVE_UNISTD_H 1
| /* end confdefs.h.  */
| #include <stdio.h>
| #ifdef HAVE_SYS_TYPES_H
| # include <sys/types.h>
| #endif
| #ifdef HAVE_SYS_STAT_H
| # include <sys/stat.h>
| #endif
| #ifdef STDC_HEADERS
| # include <stdlib.h>
| # include <stddef.h>
| #else
| # ifdef HAVE_STDLIB_H
| #  include <stdlib.h>
| # endif
| #endif
| #ifdef HAVE_STRING_H
| # if !defined STDC_HEADERS && defined HAVE_MEMORY_H
| #  include <memory.h>
| # endif
| # include <string.h>
| #endif
| #ifdef HAVE_STRINGS_H
| # include <strings.h>
| #endif
| #ifdef HAVE_INTTYPES_H
| # include <inttypes.h>
| #endif
| #ifdef HAVE_STDINT_H
| # include <stdint.h>
| #endif
| #ifdef HAVE_UNISTD_H
| # include <unistd.h>
| #endif
| #include <minix/config.h>
configure:3672: result: no
configure:3672: checking minix/config.h presence
configure:3672: gcc -E  conftest.c
conftest.c:19:10: fatal error: minix/config.h: No such file or directory
   19 | #include <minix/config.h>
      |          ^~~~~~~~~~~~~~~~
compilation terminated.
configure:3672: $? = 1
configure: failed program was:
| /* confdefs.h */
| #define PACKAGE_NAME "readline"
| #define PACKAGE_TARNAME "readline"
| #define PACKAGE_VERSION "6.3"
| #define PACKAGE_STRING "readline 6.3"
| #define PACKAGE_BUGREPORT "bug-readline@gnu.org"
| #define PACKAGE_URL ""
| #define STDC_HEADERS 1
| #define HAVE_SYS_TYPES_H 1
| #define HAVE_SYS_STAT_H 1
| #define HAVE_STDLIB_H 1
| #define HAVE_STRING_H 1
| #define HAVE_MEMORY_H 1
| #define HAVE_STRINGS_H 1
| #define HAVE_INTTYPES_H 1
| #define HAVE_STDINT_H 1
| #define HAVE_UNISTD_H 1
| /* end confdefs.h.  */
| #include <minix/config.h>
configure:3672: result: no
configure:3672: checking for minix/config.h
configure:3672: result: no
configure:3693: checking whether it is safe to define __EXTENSIONS__
configure:3711: gcc -c -w -O2  -fPIC  conftest.c >&5
configure:3711: $? = 0
configure:3718: result: yes
configure:3738: checking whether gcc needs -traditional
configure:3772: result: no
configure:3793: checking for a BSD-compatible install
configure:3861: result: /bin/install -c
configure:3915: checking for ar
configure:3931: found /bin/ar
configure:3942: result: ar
configure:4008: checking for ranlib
configure:4024: found /bin/ranlib
configure:4035: result: ranlib
configure:4061: checking for an ANSI C-conforming const
configure:4127: gcc -c -w -O2  -fPIC  conftest.c >&5
configure:4127: $? = 0
configure:4134: result: yes
configure:4142: checking for function prototypes
configure:4145: result: yes
configure:4158: checking whether char is unsigned
configure:4177: gcc -c -w -O2  -fPIC  conftest.c >&5
configure:4177: $? = 0
configure:4184: result: no
configure:4191: checking for working volatile
configure:4210: gcc -c -w -O2  -fPIC  conftest.c >&5
configure:4210: $? = 0
configure:4217: result: yes
configure:4226: checking return type of signal handlers
configure:4244: gcc -c -w -O2  -fPIC  conftest.c >&5
conftest.c: In function 'main':
conftest.c:32:10: error: void value not ignored as it ought to be
   32 | return *(signal (0, 0)) (0) == 1;
      |         ~^~~~~~~~~~~~~~~~~~
configure:4244: $? = 1
configure: failed program was:
| /* confdefs.h */
| #define PACKAGE_NAME "readline"
| #define PACKAGE_TARNAME "readline"
| #define PACKAGE_VERSION "6.3"
| #define PACKAGE_STRING "readline 6.3"
| #define PACKAGE_BUGREPORT "bug-readline@gnu.org"
| #define PACKAGE_URL ""
| #define STDC_HEADERS 1
| #define HAVE_SYS_TYPES_H 1
| #define HAVE_SYS_STAT_H 1
| #define HAVE_STDLIB_H 1
| #define HAVE_STRING_H 1
| #define HAVE_MEMORY_H 1
| #define HAVE_STRINGS_H 1
| #define HAVE_INTTYPES_H 1
| #define HAVE_STDINT_H 1
| #define HAVE_UNISTD_H 1
| #define __EXTENSIONS__ 1
| #define _ALL_SOURCE 1
| #define _GNU_SOURCE 1
| #define _POSIX_PTHREAD_SEMANTICS 1
| #define _TANDEM_SOURCE 1
| #define PROTOTYPES 1
| #define __PROTOTYPES 1
| /* end confdefs.h.  */
| #include <sys/types.h>
| #include <signal.h>
| 
| int
| main ()
| {
| return *(signal (0, 0)) (0) == 1;
|   ;
|   return 0;
| }
configure:4251: result: void
configure:4260: checking for size_t
configure:4260: gcc -c -w -O2  -fPIC  conftest.c >&5
configure:4260: $? = 0
configure:4260: gcc -c -w -O2  -fPIC  conftest.c >&5
conftest.c: In function 'main':
conftest.c:63:21: error: expected expression before ')' token
   63 | if (sizeof ((size_t)))
      |                     ^
configure:4260: $? = 1
configure: failed program was:
| /* confdefs.h */
| #define PACKAGE_NAME "readline"
| #define PACKAGE_TARNAME "readline"
| #define PACKAGE_VERSION "6.3"
| #define PACKAGE_STRING "readline 6.3"
| #define PACKAGE_BUGREPORT "bug-readline@gnu.org"
| #define PACKAGE_URL ""
| #define STDC_HEADERS 1
| #define HAVE_SYS_TYPES_H 1
| #define HAVE_SYS_STAT_H 1
| #define HAVE_STDLIB_H 1
| #define HAVE_STRING_H 1
| #define HAVE_MEMORY_H 1
| #define HAVE_STRINGS_H 1
| #define HAVE_INTTYPES_H 1
| #define HAVE_STDINT_H 1
| #define HAVE_UNISTD_H 1
| #define __EXTENSIONS__ 1
| #define _ALL_SOURCE 1
| #define _GNU_SOURCE 1
| #define _POSIX_PTHREAD_SEMANTICS 1
| #define _TANDEM_SOURCE 1
| #define PROTOTYPES 1
| #define __PROTOTYPES 1
| #define RETSIGTYPE void
| /* end confdefs.h.  */
| #include <stdio.h>
| #ifdef HAVE_SYS_TYPES_H
| # include <sys/types.h>
| #endif
| #ifdef HAVE_SYS_STAT_H
| # include <sys/stat.h>
| #endif
| #ifdef STDC_HEADERS
| # include <stdlib.h>
| # include <stddef.h>
| #else
| # ifdef HAVE_STDLIB_H
| #  include <stdlib.h>
| # endif
| #endif
| #ifdef HAVE_STRING_H
| # if !defined STDC_HEADERS && defined HAVE_MEMORY_H
| #  include <memory.h>
| # endif
| # include <string.h>
| #endif
| #ifdef HAVE_STRINGS_H
| # include <strings.h>
| #endif
| #ifdef HAVE_INTTYPES_H
| # include <inttypes.h>
| #endif
| #ifdef HAVE_STDINT_H
| # include <stdint.h>
| #endif
| #ifdef HAVE_UNISTD_H
| # include <unistd.h>
| #endif
| int
| main ()
| {
| if (sizeof ((size_t)))
| 	    return 0;
|   ;
|   return 0;
| }
configure:4260: result: yes
configure:4271: checking for ssize_t
configure:4271: gcc -c -w -O2  -fPIC  conftest.c >&5
configure:4271: $? = 0
configure:4271: gcc -c -w -O2  -fPIC  conftest.c >&5
conftest.c: In function 'main':
conftest.c:63:22: error: expected expression before ')' token
   63 | if (sizeof ((ssize_t)))
      |                      ^
configure:4271: $? = 1
configure: failed program was:
| /* confdefs.h */
| #define PACKAGE_NAME "readline"
| #define PACKAGE_TARNAME "readline"
| #define PACKAGE_VERSION "6.3"
| #define PACKAGE_STRING "readline 6.3"
| #define PACKAGE_BUGREPORT "bug-readline@gnu.org"
| #define PACKAGE_URL ""
| #define STDC_HEADERS 1
| #define HAVE_SYS_TYPES_H 1
| #define HAVE_SYS_STAT_H 1
| #define HAVE_STDLIB_H 1
| #define HAVE_STRING_H 1
| #define HAVE_MEMORY_H 1
| #define HAVE_STRINGS_H 1
| #define HAVE_INTTYPES_H 1
| #define HAVE_STDINT_H 1
| #define HAVE_UNISTD_H 1
| #define __EXTENSIONS__ 1
| #define _ALL_SOURCE 1
| #define _GNU_SOURCE 1
| #define _POSIX_PTHREAD_SEMANTICS 1
| #define _TANDEM_SOURCE 1
| #define PROTOTYPES 1
| #define __PROTOTYPES 1
| #define RETSIGTYPE void
| /* end confdefs.h.  */
| #include <stdio.h>
| #ifdef HAVE_SYS_TYPES_H
| # include <sys/types.h>
| #endif
| #ifdef HAVE_SYS_STAT_H
| # include <sys/stat.h>
| #endif
| #ifdef STDC_HEADERS
| # include <stdlib.h>
| # include <stddef.h>
| #else
| # ifdef HAVE_STDLIB_H
| #  include <stdlib.h>
| # endif
| #endif
| #ifdef HAVE_STRING_H
| # if !defined STDC_HEADERS && defined HAVE_MEMORY_H
| #  include <memory.h>
| # endif
| # include <string.h>
| #endif
| #ifdef HAVE_STRINGS_H
| # include <strings.h>
| #endif
| #ifdef HAVE_INTTYPES_H
| # include <inttypes.h>
| #endif
| #ifdef HAVE_STDINT_H
| # include <stdint.h>
| #endif
| #ifdef HAVE_UNISTD_H
| # include <unistd.h>
| #endif
| int
| main ()
| {
| if (sizeof ((ssize_t)))
| 	    return 0;
|   ;
|   return 0;
| }
configure:4271: result: yes
configure:4283: checking for ANSI C header files
configure:4387: result: yes
configure:4396: checking whether stat file-mode macros are broken
configure:4423: gcc -c -w -O2  -fPIC  conftest.c >&5
configure:4423: $? = 0
configure:4430: result: no
configure:4441: checking for dirent.h that defines DIR
configure:4460: gcc -c -w -O2  -fPIC  conftest.c >&5
configure:4460: $? = 0
configure:4468: result: yes
configure:4481: checking for library containing opendir
configure:4512: gcc -o conftest -w -O2  -fPIC  -s  -fPIC conftest.c  >&5
configure:4512: $? = 0
configure:4529: result: none required
configure:4600: checking for fcntl
configure:4600: gcc -o conftest -w -O2  -fPIC  -s  -fPIC conftest.c  >&5
configure:4600: $? = 0
configure:4600: result: yes
configure:4600: checking for kill
configure:4600: gcc -o conftest -w -O2  -fPIC  -s  -fPIC conftest.c  >&5
configure:4600: $? = 0
configure:4600: result: yes
configure:4600: checking for lstat
configure:4600: gcc -o conftest -w -O2  -fPIC  -s  -fPIC conftest.c  >&5
configure:4600: $? = 0
configure:4600: result: yes
configure:4613: checking for memmove
configure:4613: gcc -o conftest -w -O2  -fPIC  -s  -fPIC conftest.c  >&5
configure:4613: $? = 0
configure:4613: result: yes
configure:4613: checking for putenv
configure:4613: gcc -o conftest -w -O2  -fPIC  -s  -fPIC conftest.c  >&5
configure:4613: $? = 0
configure:4613: result: yes
configure:4613: checking for select
configure:4613: gcc -o conftest -w -O2  -fPIC  -s  -fPIC conftest.c  >&5
configure:4613: $? = 0
configure:4613: result: yes
configure:4613: checking for setenv
configure:4613: gcc -o conftest -w -O2  -fPIC  -s  -fPIC conftest.c  >&5
configure:4613: $? = 0
configure:4613: result: yes
configure:4613: checking for setlocale
configure:4613: gcc -o conftest -w -O2  -fPIC  -s  -fPIC conftest.c  >&5
configure:4613: $? = 0
configure:4613: result: yes
configure:4613: checking for strcasecmp
configure:4613: gcc -o conftest -w -O2  -fPIC  -s  -fPIC conftest.c  >&5
configure:4613: $? = 0
configure:4613: result: yes
configure:4613: checking for strpbrk
configure:4613: gcc -o conftest -w -O2  -fPIC  -s  -fPIC conftest.c  >&5
configure:4613: $? = 0
configure:4613: result: yes
configure:4613: checking for tcgetattr
configure:4613: gcc -o conftest -w -O2  -fPIC  -s  -fPIC conftest.c  >&5
configure:4613: $? = 0
configure:4613: result: yes
configure:4613: checking for vsnprintf
configure:4613: gcc -o conftest -w -O2  -fPIC  -s  -fPIC conftest.c  >&5
configure:4613: $? = 0
configure:4613: result: yes
configure:4625: checking for isascii
configure:4625: gcc -o conftest -w -O2  -fPIC  -s  -fPIC conftest.c  >&5
configure:4625: $? = 0
configure:4625: result: yes
configure:4625: checking for isxdigit
configure:4625: gcc -o conftest -w -O2  -fPIC  -s  -fPIC conftest.c  >&5
configure:4625: $? = 0
configure:4625: result: yes
configure:4637: checking for getpwent
configure:4637: gcc -o conftest -w -O2  -fPIC  -s  -fPIC conftest.c  >&5
configure:4637: $? = 0
configure:4637: result: yes
configure:4637: checking for getpwnam
configure:4637: gcc -o conftest -w -O2  -fPIC  -s  -fPIC conftest.c  >&5
configure:4637: $? = 0
configure:4637: result: yes
configure:4637: checking for getpwuid
configure:4637: gcc -o conftest -w -O2  -fPIC  -s  -fPIC conftest.c  >&5
configure:4637: $? = 0
configure:4637: result: yes
configure:4647: checking for working strcoll
configure:4668: gcc -o conftest -w -O2  -fPIC  -s  -fPIC conftest.c  >&5
configure:4668: $? = 0
configure:4668: ./conftest
configure:4668: $? = 0
configure:4678: result: yes
configure:4692: checking fcntl.h usability
configure:4692: gcc -c -w -O2  -fPIC  conftest.c >&5
configure:4692: $? = 0
configure:4692: result: yes
configure:4692: checking fcntl.h presence
configure:4692: gcc -E  conftest.c
configure:4692: $? = 0
configure:4692: result: yes
configure:4692: checking for fcntl.h
configure:4692: result: yes
configure:4692: checking for unistd.h
configure:4692: result: yes
configure:4692: checking for stdlib.h
configure:4692: result: yes
configure:4692: checking varargs.h usability
configure:4692: gcc -c -w -O2  -fPIC  conftest.c >&5
In file included from conftest.c:83:
/usr/lib/gcc/x86_64-pc-linux-gnu/10.2.0/include/varargs.h:4:2: error: #error "GCC no longer implements <varargs.h>."
    4 | #error "GCC no longer implements <varargs.h>."
      |  ^~~~~
/usr/lib/gcc/x86_64-pc-linux-gnu/10.2.0/include/varargs.h:5:2: error: #error "Revise your code to use <stdarg.h>."
    5 | #error "Revise your code to use <stdarg.h>."
      |  ^~~~~
configure:4692: $? = 1
configure: failed program was:
| /* confdefs.h */
| #define PACKAGE_NAME "readline"
| #define PACKAGE_TARNAME "readline"
| #define PACKAGE_VERSION "6.3"
| #define PACKAGE_STRING "readline 6.3"
| #define PACKAGE_BUGREPORT "bug-readline@gnu.org"
| #define PACKAGE_URL ""
| #define STDC_HEADERS 1
| #define HAVE_SYS_TYPES_H 1
| #define HAVE_SYS_STAT_H 1
| #define HAVE_STDLIB_H 1
| #define HAVE_STRING_H 1
| #define HAVE_MEMORY_H 1
| #define HAVE_STRINGS_H 1
| #define HAVE_INTTYPES_H 1
| #define HAVE_STDINT_H 1
| #define HAVE_UNISTD_H 1
| #define __EXTENSIONS__ 1
| #define _ALL_SOURCE 1
| #define _GNU_SOURCE 1
| #define _POSIX_PTHREAD_SEMANTICS 1
| #define _TANDEM_SOURCE 1
| #define PROTOTYPES 1
| #define __PROTOTYPES 1
| #define RETSIGTYPE void
| #define STDC_HEADERS 1
| #define HAVE_DIRENT_H 1
| #define HAVE_FCNTL 1
| #define HAVE_KILL 1
| #define HAVE_LSTAT 1
| #define HAVE_MEMMOVE 1
| #define HAVE_PUTENV 1
| #define HAVE_SELECT 1
| #define HAVE_SETENV 1
| #define HAVE_SETLOCALE 1
| #define HAVE_STRCASECMP 1
| #define HAVE_STRPBRK 1
| #define HAVE_TCGETATTR 1
| #define HAVE_VSNPRINTF 1
| #define HAVE_ISASCII 1
| #define HAVE_ISXDIGIT 1
| #define HAVE_GETPWENT 1
| #define HAVE_GETPWNAM 1
| #define HAVE_GETPWUID 1
| #define HAVE_STRCOLL 1
| #define HAVE_FCNTL_H 1
| #define HAVE_UNISTD_H 1
| #define HAVE_STDLIB_H 1
| /* end confdefs.h.  */
| #include <stdio.h>
| #ifdef HAVE_SYS_TYPES_H
| # include <sys/types.h>
| #endif
| #ifdef HAVE_SYS_STAT_H
| # include <sys/stat.h>
| #endif
| #ifdef STDC_HEADERS
| # include <stdlib.h>
| # include <stddef.h>
| #else
| # ifdef HAVE_STDLIB_H
| #  include <stdlib.h>
| # endif
| #endif
| #ifdef HAVE_STRING_H
| # if !defined STDC_HEADERS && defined HAVE_MEMORY_H
| #  include <memory.h>
| # endif
| # include <string.h>
| #endif
| #ifdef HAVE_STRINGS_H
| # include <strings.h>
| #endif
| #ifdef HAVE_INTTYPES_H
| # include <inttypes.h>
| #endif
| #ifdef HAVE_STDINT_H
| # include <stdint.h>
| #endif
| #ifdef HAVE_UNISTD_H
| # include <unistd.h>
| #endif
| #include <varargs.h>
configure:4692: result: no
configure:4692: checking varargs.h presence
configure:4692: gcc -E  conftest.c
In file included from conftest.c:50:
/usr/lib/gcc/x86_64-pc-linux-gnu/10.2.0/include/varargs.h:4:2: error: #error "GCC no longer implements <varargs.h>."
    4 | #error "GCC no longer implements <varargs.h>."
      |  ^~~~~
/usr/lib/gcc/x86_64-pc-linux-gnu/10.2.0/include/varargs.h:5:2: error: #error "Revise your code to use <stdarg.h>."
    5 | #error "Revise your code to use <stdarg.h>."
      |  ^~~~~
configure:4692: $? = 1
configure: failed program was:
| /* confdefs.h */
| #define PACKAGE_NAME "readline"
| #define PACKAGE_TARNAME "readline"
| #define PACKAGE_VERSION "6.3"
| #define PACKAGE_STRING "readline 6.3"
| #define PACKAGE_BUGREPORT "bug-readline@gnu.org"
| #define PACKAGE_URL ""
| #define STDC_HEADERS 1
| #define HAVE_SYS_TYPES_H 1
| #define HAVE_SYS_STAT_H 1
| #define HAVE_STDLIB_H 1
| #define HAVE_STRING_H 1
| #define HAVE_MEMORY_H 1
| #define HAVE_STRINGS_H 1
| #define HAVE_INTTYPES_H 1
| #define HAVE_STDINT_H 1
| #define HAVE_UNISTD_H 1
| #define __EXTENSIONS__ 1
| #define _ALL_SOURCE 1
| #define _GNU_SOURCE 1
| #define _POSIX_PTHREAD_SEMANTICS 1
| #define _TANDEM_SOURCE 1
| #define PROTOTYPES 1
| #define __PROTOTYPES 1
| #define RETSIGTYPE void
| #define STDC_HEADERS 1
| #define HAVE_DIRENT_H 1
| #define HAVE_FCNTL 1
| #define HAVE_KILL 1
| #define HAVE_LSTAT 1
| #define HAVE_MEMMOVE 1
| #define HAVE_PUTENV 1
| #define HAVE_SELECT 1
| #define HAVE_SETENV 1
| #define HAVE_SETLOCALE 1
| #define HAVE_STRCASECMP 1
| #define HAVE_STRPBRK 1
| #define HAVE_TCGETATTR 1
| #define HAVE_VSNPRINTF 1
| #define HAVE_ISASCII 1
| #define HAVE_ISXDIGIT 1
| #define HAVE_GETPWENT 1
| #define HAVE_GETPWNAM 1
| #define HAVE_GETPWUID 1
| #define HAVE_STRCOLL 1
| #define HAVE_FCNTL_H 1
| #define HAVE_UNISTD_H 1
| #define HAVE_STDLIB_H 1
| /* end confdefs.h.  */
| #include <varargs.h>
configure:4692: result: no
configure:4692: checking for varargs.h
configure:4692: result: no
configure:4692: checking stdarg.h usability
configure:4692: gcc -c -w -O2  -fPIC  conftest.c >&5
configure:4692: $? = 0
configure:4692: result: yes
configure:4692: checking stdarg.h presence
configure:4692: gcc -E  conftest.c
configure:4692: $? = 0
configure:4692: result: yes
configure:4692: checking for stdarg.h
configure:4692: result: yes
configure:4692: checking stdbool.h usability
configure:4692: gcc -c -w -O2  -fPIC  conftest.c >&5
configure:4692: $? = 0
configure:4692: result: yes
configure:4692: checking stdbool.h presence
configure:4692: gcc -E  conftest.c
configure:4692: $? = 0
configure:4692: result: yes
configure:4692: checking for stdbool.h
configure:4692: result: yes
configure:4692: checking for string.h
configure:4692: result: yes
configure:4692: checking for strings.h
configure:4692: result: yes
configure:4692: checking limits.h usability
configure:4692: gcc -c -w -O2  -fPIC  conftest.c >&5
configure:4692: $? = 0
configure:4692: result: yes
configure:4692: checking limits.h presence
configure:4692: gcc -E  conftest.c
configure:4692: $? = 0
configure:4692: result: yes
configure:4692: checking for limits.h
configure:4692: result: yes
configure:4692: checking locale.h usability
configure:4692: gcc -c -w -O2  -fPIC  conftest.c >&5
configure:4692: $? = 0
configure:4692: result: yes
configure:4692: checking locale.h presence
configure:4692: gcc -E  conftest.c
configure:4692: $? = 0
configure:4692: result: yes
configure:4692: checking for locale.h
configure:4692: result: yes
configure:4692: checking pwd.h usability
configure:4692: gcc -c -w -O2  -fPIC  conftest.c >&5
configure:4692: $? = 0
configure:4692: result: yes
configure:4692: checking pwd.h presence
configure:4692: gcc -E  conftest.c
configure:4692: $? = 0
configure:4692: result: yes
configure:4692: checking for pwd.h
configure:4692: result: yes
configure:4692: checking for memory.h
configure:4692: result: yes
configure:4692: checking termcap.h usability
configure:4692: gcc -c -w -O2  -fPIC  conftest.c >&5
configure:4692: $? = 0
configure:4692: result: yes
configure:4692: checking termcap.h presence
configure:4692: gcc -E  conftest.c
configure:4692: $? = 0
configure:4692: result: yes
configure:4692: checking for termcap.h
configure:4692: result: yes
configure:4692: checking termios.h usability
configure:4692: gcc -c -w -O2  -fPIC  conftest.c >&5
configure:4692: $? = 0
configure:4692: result: yes
configure:4692: checking termios.h presence
configure:4692: gcc -E  conftest.c
configure:4692: $? = 0
configure:4692: result: yes
configure:4692: checking for termios.h
configure:4692: result: yes
configure:4692: checking termio.h usability
configure:4692: gcc -c -w -O2  -fPIC  conftest.c >&5
configure:4692: $? = 0
configure:4692: result: yes
configure:4692: checking termio.h presence
configure:4692: gcc -E  conftest.c
configure:4692: $? = 0
configure:4692: result: yes
configure:4692: checking for termio.h
configure:4692: result: yes
configure:4705: checking sys/pte.h usability
configure:4705: gcc -c -w -O2  -fPIC  conftest.c >&5
conftest.c:94:10: fatal error: sys/pte.h: No such file or directory
   94 | #include <sys/pte.h>
      |          ^~~~~~~~~~~
compilation terminated.
configure:4705: $? = 1
configure: failed program was:
| /* confdefs.h */
| #define PACKAGE_NAME "readline"
| #define PACKAGE_TARNAME "readline"
| #define PACKAGE_VERSION "6.3"
| #define PACKAGE_STRING "readline 6.3"
| #define PACKAGE_BUGREPORT "bug-readline@gnu.org"
| #define PACKAGE_URL ""
| #define STDC_HEADERS 1
| #define HAVE_SYS_TYPES_H 1
| #define HAVE_SYS_STAT_H 1
| #define HAVE_STDLIB_H 1
| #define HAVE_STRING_H 1
| #define HAVE_MEMORY_H 1
| #define HAVE_STRINGS_H 1
| #define HAVE_INTTYPES_H 1
| #define HAVE_STDINT_H 1
| #define HAVE_UNISTD_H 1
| #define __EXTENSIONS__ 1
| #define _ALL_SOURCE 1
| #define _GNU_SOURCE 1
| #define _POSIX_PTHREAD_SEMANTICS 1
| #define _TANDEM_SOURCE 1
| #define PROTOTYPES 1
| #define __PROTOTYPES 1
| #define RETSIGTYPE void
| #define STDC_HEADERS 1
| #define HAVE_DIRENT_H 1
| #define HAVE_FCNTL 1
| #define HAVE_KILL 1
| #define HAVE_LSTAT 1
| #define HAVE_MEMMOVE 1
| #define HAVE_PUTENV 1
| #define HAVE_SELECT 1
| #define HAVE_SETENV 1
| #define HAVE_SETLOCALE 1
| #define HAVE_STRCASECMP 1
| #define HAVE_STRPBRK 1
| #define HAVE_TCGETATTR 1
| #define HAVE_VSNPRINTF 1
| #define HAVE_ISASCII 1
| #define HAVE_ISXDIGIT 1
| #define HAVE_GETPWENT 1
| #define HAVE_GETPWNAM 1
| #define HAVE_GETPWUID 1
| #define HAVE_STRCOLL 1
| #define HAVE_FCNTL_H 1
| #define HAVE_UNISTD_H 1
| #define HAVE_STDLIB_H 1
| #define HAVE_STDARG_H 1
| #define HAVE_STDBOOL_H 1
| #define HAVE_STRING_H 1
| #define HAVE_STRINGS_H 1
| #define HAVE_LIMITS_H 1
| #define HAVE_LOCALE_H 1
| #define HAVE_PWD_H 1
| #define HAVE_MEMORY_H 1
| #define HAVE_TERMCAP_H 1
| #define HAVE_TERMIOS_H 1
| #define HAVE_TERMIO_H 1
| /* end confdefs.h.  */
| #include <stdio.h>
| #ifdef HAVE_SYS_TYPES_H
| # include <sys/types.h>
| #endif
| #ifdef HAVE_SYS_STAT_H
| # include <sys/stat.h>
| #endif
| #ifdef STDC_HEADERS
| # include <stdlib.h>
| # include <stddef.h>
| #else
| # ifdef HAVE_STDLIB_H
| #  include <stdlib.h>
| # endif
| #endif
| #ifdef HAVE_STRING_H
| # if !defined STDC_HEADERS && defined HAVE_MEMORY_H
| #  include <memory.h>
| # endif
| # include <string.h>
| #endif
| #ifdef HAVE_STRINGS_H
| # include <strings.h>
| #endif
| #ifdef HAVE_INTTYPES_H
| # include <inttypes.h>
| #endif
| #ifdef HAVE_STDINT_H
| # include <stdint.h>
| #endif
| #ifdef HAVE_UNISTD_H
| # include <unistd.h>
| #endif
| #include <sys/pte.h>
configure:4705: result: no
configure:4705: checking sys/pte.h presence
configure:4705: gcc -E  conftest.c
conftest.c:61:10: fatal error: sys/pte.h: No such file or directory
   61 | #include <sys/pte.h>
      |          ^~~~~~~~~~~
compilation terminated.
configure:4705: $? = 1
configure: failed program was:
| /* confdefs.h */
| #define PACKAGE_NAME "readline"
| #define PACKAGE_TARNAME "readline"
| #define PACKAGE_VERSION "6.3"
| #define PACKAGE_STRING "readline 6.3"
| #define PACKAGE_BUGREPORT "bug-readline@gnu.org"
| #define PACKAGE_URL ""
| #define STDC_HEADERS 1
| #define HAVE_SYS_TYPES_H 1
| #define HAVE_SYS_STAT_H 1
| #define HAVE_STDLIB_H 1
| #define HAVE_STRING_H 1
| #define HAVE_MEMORY_H 1
| #define HAVE_STRINGS_H 1
| #define HAVE_INTTYPES_H 1
| #define HAVE_STDINT_H 1
| #define HAVE_UNISTD_H 1
| #define __EXTENSIONS__ 1
| #define _ALL_SOURCE 1
| #define _GNU_SOURCE 1
| #define _POSIX_PTHREAD_SEMANTICS 1
| #define _TANDEM_SOURCE 1
| #define PROTOTYPES 1
| #define __PROTOTYPES 1
| #define RETSIGTYPE void
| #define STDC_HEADERS 1
| #define HAVE_DIRENT_H 1
| #define HAVE_FCNTL 1
| #define HAVE_KILL 1
| #define HAVE_LSTAT 1
| #define HAVE_MEMMOVE 1
| #define HAVE_PUTENV 1
| #define HAVE_SELECT 1
| #define HAVE_SETENV 1
| #define HAVE_SETLOCALE 1
| #define HAVE_STRCASECMP 1
| #define HAVE_STRPBRK 1
| #define HAVE_TCGETATTR 1
| #define HAVE_VSNPRINTF 1
| #define HAVE_ISASCII 1
| #define HAVE_ISXDIGIT 1
| #define HAVE_GETPWENT 1
| #define HAVE_GETPWNAM 1
| #define HAVE_GETPWUID 1
| #define HAVE_STRCOLL 1
| #define HAVE_FCNTL_H 1
| #define HAVE_UNISTD_H 1
| #define HAVE_STDLIB_H 1
| #define HAVE_STDARG_H 1
| #define HAVE_STDBOOL_H 1
| #define HAVE_STRING_H 1
| #define HAVE_STRINGS_H 1
| #define HAVE_LIMITS_H 1
| #define HAVE_LOCALE_H 1
| #define HAVE_PWD_H 1
| #define HAVE_MEMORY_H 1
| #define HAVE_TERMCAP_H 1
| #define HAVE_TERMIOS_H 1
| #define HAVE_TERMIO_H 1
| /* end confdefs.h.  */
| #include <sys/pte.h>
configure:4705: result: no
configure:4705: checking for sys/pte.h
configure:4705: result: no
configure:4705: checking sys/stream.h usability
configure:4705: gcc -c -w -O2  -fPIC  conftest.c >&5
conftest.c:94:10: fatal error: sys/stream.h: No such file or directory
   94 | #include <sys/stream.h>
      |          ^~~~~~~~~~~~~~
compilation terminated.
configure:4705: $? = 1
configure: failed program was:
| /* confdefs.h */
| #define PACKAGE_NAME "readline"
| #define PACKAGE_TARNAME "readline"
| #define PACKAGE_VERSION "6.3"
| #define PACKAGE_STRING "readline 6.3"
| #define PACKAGE_BUGREPORT "bug-readline@gnu.org"
| #define PACKAGE_URL ""
| #define STDC_HEADERS 1
| #define HAVE_SYS_TYPES_H 1
| #define HAVE_SYS_STAT_H 1
| #define HAVE_STDLIB_H 1
| #define HAVE_STRING_H 1
| #define HAVE_MEMORY_H 1
| #define HAVE_STRINGS_H 1
| #define HAVE_INTTYPES_H 1
| #define HAVE_STDINT_H 1
| #define HAVE_UNISTD_H 1
| #define __EXTENSIONS__ 1
| #define _ALL_SOURCE 1
| #define _GNU_SOURCE 1
| #define _POSIX_PTHREAD_SEMANTICS 1
| #define _TANDEM_SOURCE 1
| #define PROTOTYPES 1
| #define __PROTOTYPES 1
| #define RETSIGTYPE void
| #define STDC_HEADERS 1
| #define HAVE_DIRENT_H 1
| #define HAVE_FCNTL 1
| #define HAVE_KILL 1
| #define HAVE_LSTAT 1
| #define HAVE_MEMMOVE 1
| #define HAVE_PUTENV 1
| #define HAVE_SELECT 1
| #define HAVE_SETENV 1
| #define HAVE_SETLOCALE 1
| #define HAVE_STRCASECMP 1
| #define HAVE_STRPBRK 1
| #define HAVE_TCGETATTR 1
| #define HAVE_VSNPRINTF 1
| #define HAVE_ISASCII 1
| #define HAVE_ISXDIGIT 1
| #define HAVE_GETPWENT 1
| #define HAVE_GETPWNAM 1
| #define HAVE_GETPWUID 1
| #define HAVE_STRCOLL 1
| #define HAVE_FCNTL_H 1
| #define HAVE_UNISTD_H 1
| #define HAVE_STDLIB_H 1
| #define HAVE_STDARG_H 1
| #define HAVE_STDBOOL_H 1
| #define HAVE_STRING_H 1
| #define HAVE_STRINGS_H 1
| #define HAVE_LIMITS_H 1
| #define HAVE_LOCALE_H 1
| #define HAVE_PWD_H 1
| #define HAVE_MEMORY_H 1
| #define HAVE_TERMCAP_H 1
| #define HAVE_TERMIOS_H 1
| #define HAVE_TERMIO_H 1
| /* end confdefs.h.  */
| #include <stdio.h>
| #ifdef HAVE_SYS_TYPES_H
| # include <sys/types.h>
| #endif
| #ifdef HAVE_SYS_STAT_H
| # include <sys/stat.h>
| #endif
| #ifdef STDC_HEADERS
| # include <stdlib.h>
| # include <stddef.h>
| #else
| # ifdef HAVE_STDLIB_H
| #  include <stdlib.h>
| # endif
| #endif
| #ifdef HAVE_STRING_H
| # if !defined STDC_HEADERS && defined HAVE_MEMORY_H
| #  include <memory.h>
| # endif
| # include <string.h>
| #endif
| #ifdef HAVE_STRINGS_H
| # include <strings.h>
| #endif
| #ifdef HAVE_INTTYPES_H
| # include <inttypes.h>
| #endif
| #ifdef HAVE_STDINT_H
| # include <stdint.h>
| #endif
| #ifdef HAVE_UNISTD_H
| # include <unistd.h>
| #endif
| #include <sys/stream.h>
configure:4705: result: no
configure:4705: checking sys/stream.h presence
configure:4705: gcc -E  conftest.c
conftest.c:61:10: fatal error: sys/stream.h: No such file or directory
   61 | #include <sys/stream.h>
      |          ^~~~~~~~~~~~~~
compilation terminated.
configure:4705: $? = 1
configure: failed program was:
| /* confdefs.h */
| #define PACKAGE_NAME "readline"
| #define PACKAGE_TARNAME "readline"
| #define PACKAGE_VERSION "6.3"
| #define PACKAGE_STRING "readline 6.3"
| #define PACKAGE_BUGREPORT "bug-readline@gnu.org"
| #define PACKAGE_URL ""
| #define STDC_HEADERS 1
| #define HAVE_SYS_TYPES_H 1
| #define HAVE_SYS_STAT_H 1
| #define HAVE_STDLIB_H 1
| #define HAVE_STRING_H 1
| #define HAVE_MEMORY_H 1
| #define HAVE_STRINGS_H 1
| #define HAVE_INTTYPES_H 1
| #define HAVE_STDINT_H 1
| #define HAVE_UNISTD_H 1
| #define __EXTENSIONS__ 1
| #define _ALL_SOURCE 1
| #define _GNU_SOURCE 1
| #define _POSIX_PTHREAD_SEMANTICS 1
| #define _TANDEM_SOURCE 1
| #define PROTOTYPES 1
| #define __PROTOTYPES 1
| #define RETSIGTYPE void
| #define STDC_HEADERS 1
| #define HAVE_DIRENT_H 1
| #define HAVE_FCNTL 1
| #define HAVE_KILL 1
| #define HAVE_LSTAT 1
| #define HAVE_MEMMOVE 1
| #define HAVE_PUTENV 1
| #define HAVE_SELECT 1
| #define HAVE_SETENV 1
| #define HAVE_SETLOCALE 1
| #define HAVE_STRCASECMP 1
| #define HAVE_STRPBRK 1
| #define HAVE_TCGETATTR 1
| #define HAVE_VSNPRINTF 1
| #define HAVE_ISASCII 1
| #define HAVE_ISXDIGIT 1
| #define HAVE_GETPWENT 1
| #define HAVE_GETPWNAM 1
| #define HAVE_GETPWUID 1
| #define HAVE_STRCOLL 1
| #define HAVE_FCNTL_H 1
| #define HAVE_UNISTD_H 1
| #define HAVE_STDLIB_H 1
| #define HAVE_STDARG_H 1
| #define HAVE_STDBOOL_H 1
| #define HAVE_STRING_H 1
| #define HAVE_STRINGS_H 1
| #define HAVE_LIMITS_H 1
| #define HAVE_LOCALE_H 1
| #define HAVE_PWD_H 1
| #define HAVE_MEMORY_H 1
| #define HAVE_TERMCAP_H 1
| #define HAVE_TERMIOS_H 1
| #define HAVE_TERMIO_H 1
| /* end confdefs.h.  */
| #include <sys/stream.h>
configure:4705: result: no
configure:4705: checking for sys/stream.h
configure:4705: result: no
configure:4705: checking sys/select.h usability
configure:4705: gcc -c -w -O2  -fPIC  conftest.c >&5
configure:4705: $? = 0
configure:4705: result: yes
configure:4705: checking sys/select.h presence
configure:4705: gcc -E  conftest.c
configure:4705: $? = 0
configure:4705: result: yes
configure:4705: checking for sys/select.h
configure:4705: result: yes
configure:4705: checking sys/file.h usability
configure:4705: gcc -c -w -O2  -fPIC  conftest.c >&5
configure:4705: $? = 0
configure:4705: result: yes
configure:4705: checking sys/file.h presence
configure:4705: gcc -E  conftest.c
configure:4705: $? = 0
configure:4705: result: yes
configure:4705: checking for sys/file.h
configure:4705: result: yes
configure:4718: checking for sys/ptem.h
configure:4718: gcc -c -w -O2  -fPIC  conftest.c >&5
conftest.c:69:10: fatal error: sys/ptem.h: No such file or directory
   69 | #include <sys/ptem.h>
      |          ^~~~~~~~~~~~
compilation terminated.
configure:4718: $? = 1
configure: failed program was:
| /* confdefs.h */
| #define PACKAGE_NAME "readline"
| #define PACKAGE_TARNAME "readline"
| #define PACKAGE_VERSION "6.3"
| #define PACKAGE_STRING "readline 6.3"
| #define PACKAGE_BUGREPORT "bug-readline@gnu.org"
| #define PACKAGE_URL ""
| #define STDC_HEADERS 1
| #define HAVE_SYS_TYPES_H 1
| #define HAVE_SYS_STAT_H 1
| #define HAVE_STDLIB_H 1
| #define HAVE_STRING_H 1
| #define HAVE_MEMORY_H 1
| #define HAVE_STRINGS_H 1
| #define HAVE_INTTYPES_H 1
| #define HAVE_STDINT_H 1
| #define HAVE_UNISTD_H 1
| #define __EXTENSIONS__ 1
| #define _ALL_SOURCE 1
| #define _GNU_SOURCE 1
| #define _POSIX_PTHREAD_SEMANTICS 1
| #define _TANDEM_SOURCE 1
| #define PROTOTYPES 1
| #define __PROTOTYPES 1
| #define RETSIGTYPE void
| #define STDC_HEADERS 1
| #define HAVE_DIRENT_H 1
| #define HAVE_FCNTL 1
| #define HAVE_KILL 1
| #define HAVE_LSTAT 1
| #define HAVE_MEMMOVE 1
| #define HAVE_PUTENV 1
| #define HAVE_SELECT 1
| #define HAVE_SETENV 1
| #define HAVE_SETLOCALE 1
| #define HAVE_STRCASECMP 1
| #define HAVE_STRPBRK 1
| #define HAVE_TCGETATTR 1
| #define HAVE_VSNPRINTF 1
| #define HAVE_ISASCII 1
| #define HAVE_ISXDIGIT 1
| #define HAVE_GETPWENT 1
| #define HAVE_GETPWNAM 1
| #define HAVE_GETPWUID 1
| #define HAVE_STRCOLL 1
| #define HAVE_FCNTL_H 1
| #define HAVE_UNISTD_H 1
| #define HAVE_STDLIB_H 1
| #define HAVE_STDARG_H 1
| #define HAVE_STDBOOL_H 1
| #define HAVE_STRING_H 1
| #define HAVE_STRINGS_H 1
| #define HAVE_LIMITS_H 1
| #define HAVE_LOCALE_H 1
| #define HAVE_PWD_H 1
| #define HAVE_MEMORY_H 1
| #define HAVE_TERMCAP_H 1
| #define HAVE_TERMIOS_H 1
| #define HAVE_TERMIO_H 1
| #define HAVE_SYS_SELECT_H 1
| #define HAVE_SYS_FILE_H 1
| /* end confdefs.h.  */
| 
| #if HAVE_SYS_STREAM_H
| #  include <sys/stream.h>
| #endif
| 
| 
| #include <sys/ptem.h>
configure:4718: result: no
configure:4741: checking for special C compiler options needed for large files
configure:4786: result: no
configure:4792: checking for _FILE_OFFSET_BITS value needed for large files
configure:4817: gcc -c -w -O2  -fPIC  conftest.c >&5
configure:4817: $? = 0
configure:4849: result: no
configure:4936: checking for type of signal functions
configure:4959: gcc -o conftest -w -O2  -fPIC  -s  -fPIC conftest.c  >&5
configure:4959: $? = 0
configure:5017: result: posix
configure:5032: checking if signal handlers must be reinstalled when invoked
configure:5090: gcc -o conftest -w -O2  -fPIC  -s  -fPIC conftest.c  >&5
configure:5090: $? = 0
configure:5090: ./conftest
configure:5090: $? = 0
configure:5101: result: no
configure:5110: checking for presence of POSIX-style sigsetjmp/siglongjmp
configure:5162: gcc -o conftest -w -O2  -fPIC  -s  -fPIC conftest.c  >&5
configure:5162: $? = 0
configure:5162: ./conftest
configure:5162: $? = 0
configure:5173: result: present
configure:5180: checking for lstat
configure:5199: gcc -o conftest -w -O2  -fPIC  -s  -fPIC conftest.c  >&5
configure:5199: $? = 0
configure:5207: result: yes
configure:5215: checking whether or not strcoll and strcmp differ
configure:5265: gcc -o conftest -w -O2  -fPIC  -s  -fPIC conftest.c  >&5
configure:5265: $? = 0
configure:5265: ./conftest
configure:5265: $? = 1
configure: program exited with status 1
configure: failed program was:
| /* confdefs.h */
| #define PACKAGE_NAME "readline"
| #define PACKAGE_TARNAME "readline"
| #define PACKAGE_VERSION "6.3"
| #define PACKAGE_STRING "readline 6.3"
| #define PACKAGE_BUGREPORT "bug-readline@gnu.org"
| #define PACKAGE_URL ""
| #define STDC_HEADERS 1
| #define HAVE_SYS_TYPES_H 1
| #define HAVE_SYS_STAT_H 1
| #define HAVE_STDLIB_H 1
| #define HAVE_STRING_H 1
| #define HAVE_MEMORY_H 1
| #define HAVE_STRINGS_H 1
| #define HAVE_INTTYPES_H 1
| #define HAVE_STDINT_H 1
| #define HAVE_UNISTD_H 1
| #define __EXTENSIONS__ 1
| #define _ALL_SOURCE 1
| #define _GNU_SOURCE 1
| #define _POSIX_PTHREAD_SEMANTICS 1
| #define _TANDEM_SOURCE 1
| #define PROTOTYPES 1
| #define __PROTOTYPES 1
| #define RETSIGTYPE void
| #define STDC_HEADERS 1
| #define HAVE_DIRENT_H 1
| #define HAVE_FCNTL 1
| #define HAVE_KILL 1
| #define HAVE_LSTAT 1
| #define HAVE_MEMMOVE 1
| #define HAVE_PUTENV 1
| #define HAVE_SELECT 1
| #define HAVE_SETENV 1
| #define HAVE_SETLOCALE 1
| #define HAVE_STRCASECMP 1
| #define HAVE_STRPBRK 1
| #define HAVE_TCGETATTR 1
| #define HAVE_VSNPRINTF 1
| #define HAVE_ISASCII 1
| #define HAVE_ISXDIGIT 1
| #define HAVE_GETPWENT 1
| #define HAVE_GETPWNAM 1
| #define HAVE_GETPWUID 1
| #define HAVE_STRCOLL 1
| #define HAVE_FCNTL_H 1
| #define HAVE_UNISTD_H 1
| #define HAVE_STDLIB_H 1
| #define HAVE_STDARG_H 1
| #define HAVE_STDBOOL_H 1
| #define HAVE_STRING_H 1
| #define HAVE_STRINGS_H 1
| #define HAVE_LIMITS_H 1
| #define HAVE_LOCALE_H 1
| #define HAVE_PWD_H 1
| #define HAVE_MEMORY_H 1
| #define HAVE_TERMCAP_H 1
| #define HAVE_TERMIOS_H 1
| #define HAVE_TERMIO_H 1
| #define HAVE_SYS_SELECT_H 1
| #define HAVE_SYS_FILE_H 1
| #define HAVE_POSIX_SIGNALS 1
| #define HAVE_POSIX_SIGSETJMP 1
| #define HAVE_LSTAT 1
| /* end confdefs.h.  */
| 
| #include <stdio.h>
| #if defined (HAVE_LOCALE_H)
| #include <locale.h>
| #endif
| 
| main(c, v)
| int     c;
| char    *v[];
| {
|         int     r1, r2;
|         char    *deflocale, *defcoll;
| 
| #ifdef HAVE_SETLOCALE
|         deflocale = setlocale(LC_ALL, "");
| 	defcoll = setlocale(LC_COLLATE, "");
| #endif
| 
| #ifdef HAVE_STRCOLL
| 	/* These two values are taken from tests/glob-test. */
|         r1 = strcoll("abd", "aXd");
| #else
| 	r1 = 0;
| #endif
|         r2 = strcmp("abd", "aXd");
| 
| 	/* These two should both be greater than 0.  It is permissible for
| 	   a system to return different values, as long as the sign is the
| 	   same. */
| 
|         /* Exit with 1 (failure) if these two values are both > 0, since
| 	   this tests whether strcoll(3) is broken with respect to strcmp(3)
| 	   in the default locale. */
| 	exit (r1 > 0 && r2 > 0);
| }
| 
configure:5276: result: no
configure:5284: checking whether the ctype macros accept non-ascii characters
configure:5329: gcc -o conftest -w -O2  -fPIC  -s  -fPIC conftest.c  >&5
configure:5329: $? = 0
configure:5329: ./conftest
configure:5329: $? = 1
configure: program exited with status 1
configure: failed program was:
| /* confdefs.h */
| #define PACKAGE_NAME "readline"
| #define PACKAGE_TARNAME "readline"
| #define PACKAGE_VERSION "6.3"
| #define PACKAGE_STRING "readline 6.3"
| #define PACKAGE_BUGREPORT "bug-readline@gnu.org"
| #define PACKAGE_URL ""
| #define STDC_HEADERS 1
| #define HAVE_SYS_TYPES_H 1
| #define HAVE_SYS_STAT_H 1
| #define HAVE_STDLIB_H 1
| #define HAVE_STRING_H 1
| #define HAVE_MEMORY_H 1
| #define HAVE_STRINGS_H 1
| #define HAVE_INTTYPES_H 1
| #define HAVE_STDINT_H 1
| #define HAVE_UNISTD_H 1
| #define __EXTENSIONS__ 1
| #define _ALL_SOURCE 1
| #define _GNU_SOURCE 1
| #define _POSIX_PTHREAD_SEMANTICS 1
| #define _TANDEM_SOURCE 1
| #define PROTOTYPES 1
| #define __PROTOTYPES 1
| #define RETSIGTYPE void
| #define STDC_HEADERS 1
| #define HAVE_DIRENT_H 1
| #define HAVE_FCNTL 1
| #define HAVE_KILL 1
| #define HAVE_LSTAT 1
| #define HAVE_MEMMOVE 1
| #define HAVE_PUTENV 1
| #define HAVE_SELECT 1
| #define HAVE_SETENV 1
| #define HAVE_SETLOCALE 1
| #define HAVE_STRCASECMP 1
| #define HAVE_STRPBRK 1
| #define HAVE_TCGETATTR 1
| #define HAVE_VSNPRINTF 1
| #define HAVE_ISASCII 1
| #define HAVE_ISXDIGIT 1
| #define HAVE_GETPWENT 1
| #define HAVE_GETPWNAM 1
| #define HAVE_GETPWUID 1
| #define HAVE_STRCOLL 1
| #define HAVE_FCNTL_H 1
| #define HAVE_UNISTD_H 1
| #define HAVE_STDLIB_H 1
| #define HAVE_STDARG_H 1
| #define HAVE_STDBOOL_H 1
| #define HAVE_STRING_H 1
| #define HAVE_STRINGS_H 1
| #define HAVE_LIMITS_H 1
| #define HAVE_LOCALE_H 1
| #define HAVE_PWD_H 1
| #define HAVE_MEMORY_H 1
| #define HAVE_TERMCAP_H 1
| #define HAVE_TERMIOS_H 1
| #define HAVE_TERMIO_H 1
| #define HAVE_SYS_SELECT_H 1
| #define HAVE_SYS_FILE_H 1
| #define HAVE_POSIX_SIGNALS 1
| #define HAVE_POSIX_SIGSETJMP 1
| #define HAVE_LSTAT 1
| /* end confdefs.h.  */
| 
| #ifdef HAVE_LOCALE_H
| #include <locale.h>
| #endif
| #include <stdio.h>
| #include <ctype.h>
| 
| main(c, v)
| int	c;
| char	*v[];
| {
| 	char	*deflocale;
| 	unsigned char x;
| 	int	r1, r2;
| 
| #ifdef HAVE_SETLOCALE
| 	/* We take a shot here.  If that locale is not known, try the
| 	   system default.  We try this one because '\342' (226) is
| 	   known to be a printable character in that locale. */
| 	deflocale = setlocale(LC_ALL, "en_US.ISO8859-1");
| 	if (deflocale == 0)
| 		deflocale = setlocale(LC_ALL, "");
| #endif
| 
| 	x = '\342';
| 	r1 = isprint(x);
| 	x -= 128;
| 	r2 = isprint(x);
| 	exit (r1 == 0 || r2 == 0);
| }
| 
configure:5340: result: no
configure:5348: checking whether getpw functions are declared in pwd.h
configure:5373: result: yes
configure:5381: checking whether termios.h defines TIOCGWINSZ
configure:5404: result: no
configure:5408: checking whether sys/ioctl.h defines TIOCGWINSZ
configure:5431: result: yes
configure:5442: checking for sig_atomic_t in signal.h
configure:5460: gcc -o conftest -w -O2  -fPIC  -s  -fPIC conftest.c  >&5
configure:5460: $? = 0
configure:5468: result: yes
configure:5485: checking whether signal handlers are of type void
configure:5509: gcc -c -w -O2  -fPIC  conftest.c >&5
configure:5509: $? = 0
configure:5516: result: yes
configure:5524: checking for TIOCSTAT in sys/ioctl.h
configure:5541: gcc -c -w -O2  -fPIC  conftest.c >&5
conftest.c: In function 'main':
conftest.c:74:9: error: 'TIOCSTAT' undeclared (first use in this function); did you mean 'TIOCSTI'?
   74 | int x = TIOCSTAT;
      |         ^~~~~~~~
      |         TIOCSTI
conftest.c:74:9: note: each undeclared identifier is reported only once for each function it appears in
configure:5541: $? = 1
configure: failed program was:
| /* confdefs.h */
| #define PACKAGE_NAME "readline"
| #define PACKAGE_TARNAME "readline"
| #define PACKAGE_VERSION "6.3"
| #define PACKAGE_STRING "readline 6.3"
| #define PACKAGE_BUGREPORT "bug-readline@gnu.org"
| #define PACKAGE_URL ""
| #define STDC_HEADERS 1
| #define HAVE_SYS_TYPES_H 1
| #define HAVE_SYS_STAT_H 1
| #define HAVE_STDLIB_H 1
| #define HAVE_STRING_H 1
| #define HAVE_MEMORY_H 1
| #define HAVE_STRINGS_H 1
| #define HAVE_INTTYPES_H 1
| #define HAVE_STDINT_H 1
| #define HAVE_UNISTD_H 1
| #define __EXTENSIONS__ 1
| #define _ALL_SOURCE 1
| #define _GNU_SOURCE 1
| #define _POSIX_PTHREAD_SEMANTICS 1
| #define _TANDEM_SOURCE 1
| #define PROTOTYPES 1
| #define __PROTOTYPES 1
| #define RETSIGTYPE void
| #define STDC_HEADERS 1
| #define HAVE_DIRENT_H 1
| #define HAVE_FCNTL 1
| #define HAVE_KILL 1
| #define HAVE_LSTAT 1
| #define HAVE_MEMMOVE 1
| #define HAVE_PUTENV 1
| #define HAVE_SELECT 1
| #define HAVE_SETENV 1
| #define HAVE_SETLOCALE 1
| #define HAVE_STRCASECMP 1
| #define HAVE_STRPBRK 1
| #define HAVE_TCGETATTR 1
| #define HAVE_VSNPRINTF 1
| #define HAVE_ISASCII 1
| #define HAVE_ISXDIGIT 1
| #define HAVE_GETPWENT 1
| #define HAVE_GETPWNAM 1
| #define HAVE_GETPWUID 1
| #define HAVE_STRCOLL 1
| #define HAVE_FCNTL_H 1
| #define HAVE_UNISTD_H 1
| #define HAVE_STDLIB_H 1
| #define HAVE_STDARG_H 1
| #define HAVE_STDBOOL_H 1
| #define HAVE_STRING_H 1
| #define HAVE_STRINGS_H 1
| #define HAVE_LIMITS_H 1
| #define HAVE_LOCALE_H 1
| #define HAVE_PWD_H 1
| #define HAVE_MEMORY_H 1
| #define HAVE_TERMCAP_H 1
| #define HAVE_TERMIOS_H 1
| #define HAVE_TERMIO_H 1
| #define HAVE_SYS_SELECT_H 1
| #define HAVE_SYS_FILE_H 1
| #define HAVE_POSIX_SIGNALS 1
| #define HAVE_POSIX_SIGSETJMP 1
| #define HAVE_LSTAT 1
| #define HAVE_GETPW_DECLS 1
| #define GWINSZ_IN_SYS_IOCTL 1
| #define VOID_SIGHANDLER 1
| /* end confdefs.h.  */
| #include <sys/types.h>
| #include <sys/ioctl.h>
| int
| main ()
| {
| int x = TIOCSTAT;
|   ;
|   return 0;
| }
configure:5549: result: no
configure:5556: checking for FIONREAD in sys/ioctl.h
configure:5573: gcc -c -w -O2  -fPIC  conftest.c >&5
configure:5573: $? = 0
configure:5581: result: yes
configure:5588: checking for speed_t in sys/types.h
configure:5604: gcc -c -w -O2  -fPIC  conftest.c >&5
conftest.c: In function 'main':
conftest.c:74:1: error: unknown type name 'speed_t'
   74 | speed_t x;
      | ^~~~~~~
configure:5604: $? = 1
configure: failed program was:
| /* confdefs.h */
| #define PACKAGE_NAME "readline"
| #define PACKAGE_TARNAME "readline"
| #define PACKAGE_VERSION "6.3"
| #define PACKAGE_STRING "readline 6.3"
| #define PACKAGE_BUGREPORT "bug-readline@gnu.org"
| #define PACKAGE_URL ""
| #define STDC_HEADERS 1
| #define HAVE_SYS_TYPES_H 1
| #define HAVE_SYS_STAT_H 1
| #define HAVE_STDLIB_H 1
| #define HAVE_STRING_H 1
| #define HAVE_MEMORY_H 1
| #define HAVE_STRINGS_H 1
| #define HAVE_INTTYPES_H 1
| #define HAVE_STDINT_H 1
| #define HAVE_UNISTD_H 1
| #define __EXTENSIONS__ 1
| #define _ALL_SOURCE 1
| #define _GNU_SOURCE 1
| #define _POSIX_PTHREAD_SEMANTICS 1
| #define _TANDEM_SOURCE 1
| #define PROTOTYPES 1
| #define __PROTOTYPES 1
| #define RETSIGTYPE void
| #define STDC_HEADERS 1
| #define HAVE_DIRENT_H 1
| #define HAVE_FCNTL 1
| #define HAVE_KILL 1
| #define HAVE_LSTAT 1
| #define HAVE_MEMMOVE 1
| #define HAVE_PUTENV 1
| #define HAVE_SELECT 1
| #define HAVE_SETENV 1
| #define HAVE_SETLOCALE 1
| #define HAVE_STRCASECMP 1
| #define HAVE_STRPBRK 1
| #define HAVE_TCGETATTR 1
| #define HAVE_VSNPRINTF 1
| #define HAVE_ISASCII 1
| #define HAVE_ISXDIGIT 1
| #define HAVE_GETPWENT 1
| #define HAVE_GETPWNAM 1
| #define HAVE_GETPWUID 1
| #define HAVE_STRCOLL 1
| #define HAVE_FCNTL_H 1
| #define HAVE_UNISTD_H 1
| #define HAVE_STDLIB_H 1
| #define HAVE_STDARG_H 1
| #define HAVE_STDBOOL_H 1
| #define HAVE_STRING_H 1
| #define HAVE_STRINGS_H 1
| #define HAVE_LIMITS_H 1
| #define HAVE_LOCALE_H 1
| #define HAVE_PWD_H 1
| #define HAVE_MEMORY_H 1
| #define HAVE_TERMCAP_H 1
| #define HAVE_TERMIOS_H 1
| #define HAVE_TERMIO_H 1
| #define HAVE_SYS_SELECT_H 1
| #define HAVE_SYS_FILE_H 1
| #define HAVE_POSIX_SIGNALS 1
| #define HAVE_POSIX_SIGSETJMP 1
| #define HAVE_LSTAT 1
| #define HAVE_GETPW_DECLS 1
| #define GWINSZ_IN_SYS_IOCTL 1
| #define VOID_SIGHANDLER 1
| #define FIONREAD_IN_SYS_IOCTL 1
| /* end confdefs.h.  */
| #include <sys/types.h>
| int
| main ()
| {
| speed_t x;
|   ;
|   return 0;
| }
configure:5612: result: no
configure:5619: checking for struct winsize in sys/ioctl.h and termios.h
configure:5636: gcc -c -w -O2  -fPIC  conftest.c >&5
configure:5636: $? = 0
configure:5663: result: sys/ioctl.h
configure:5678: checking for struct dirent.d_ino
configure:5716: gcc -c -w -O2  -fPIC  conftest.c >&5
configure:5716: $? = 0
configure:5724: result: yes
configure:5732: checking for struct dirent.d_fileno
configure:5770: gcc -c -w -O2  -fPIC  conftest.c >&5
configure:5770: $? = 0
configure:5778: result: yes
configure:5786: checking whether AUDIT_USER_TTY is declared
configure:5786: gcc -c -w -O2  -fPIC  conftest.c >&5
configure:5786: $? = 0
configure:5786: result: yes
configure:5813: checking for tgetent
configure:5813: gcc -o conftest -w -O2  -fPIC  -s  -fPIC conftest.c  >&5
/bin/ld: /tmp/ccrhXX7F.o: in function `main':
conftest.c:(.text.startup+0x7): undefined reference to `tgetent'
collect2: error: ld returned 1 exit status
configure:5813: $? = 1
configure: failed program was:
| /* confdefs.h */
| #define PACKAGE_NAME "readline"
| #define PACKAGE_TARNAME "readline"
| #define PACKAGE_VERSION "6.3"
| #define PACKAGE_STRING "readline 6.3"
| #define PACKAGE_BUGREPORT "bug-readline@gnu.org"
| #define PACKAGE_URL ""
| #define STDC_HEADERS 1
| #define HAVE_SYS_TYPES_H 1
| #define HAVE_SYS_STAT_H 1
| #define HAVE_STDLIB_H 1
| #define HAVE_STRING_H 1
| #define HAVE_MEMORY_H 1
| #define HAVE_STRINGS_H 1
| #define HAVE_INTTYPES_H 1
| #define HAVE_STDINT_H 1
| #define HAVE_UNISTD_H 1
| #define __EXTENSIONS__ 1
| #define _ALL_SOURCE 1
| #define _GNU_SOURCE 1
| #define _POSIX_PTHREAD_SEMANTICS 1
| #define _TANDEM_SOURCE 1
| #define PROTOTYPES 1
| #define __PROTOTYPES 1
| #define RETSIGTYPE void
| #define STDC_HEADERS 1
| #define HAVE_DIRENT_H 1
| #define HAVE_FCNTL 1
| #define HAVE_KILL 1
| #define HAVE_LSTAT 1
| #define HAVE_MEMMOVE 1
| #define HAVE_PUTENV 1
| #define HAVE_SELECT 1
| #define HAVE_SETENV 1
| #define HAVE_SETLOCALE 1
| #define HAVE_STRCASECMP 1
| #define HAVE_STRPBRK 1
| #define HAVE_TCGETATTR 1
| #define HAVE_VSNPRINTF 1
| #define HAVE_ISASCII 1
| #define HAVE_ISXDIGIT 1
| #define HAVE_GETPWENT 1
| #define HAVE_GETPWNAM 1
| #define HAVE_GETPWUID 1
| #define HAVE_STRCOLL 1
| #define HAVE_FCNTL_H 1
| #define HAVE_UNISTD_H 1
| #define HAVE_STDLIB_H 1
| #define HAVE_STDARG_H 1
| #define HAVE_STDBOOL_H 1
| #define HAVE_STRING_H 1
| #define HAVE_STRINGS_H 1
| #define HAVE_LIMITS_H 1
| #define HAVE_LOCALE_H 1
| #define HAVE_PWD_H 1
| #define HAVE_MEMORY_H 1
| #define HAVE_TERMCAP_H 1
| #define HAVE_TERMIOS_H 1
| #define HAVE_TERMIO_H 1
| #define HAVE_SYS_SELECT_H 1
| #define HAVE_SYS_FILE_H 1
| #define HAVE_POSIX_SIGNALS 1
| #define HAVE_POSIX_SIGSETJMP 1
| #define HAVE_LSTAT 1
| #define HAVE_GETPW_DECLS 1
| #define GWINSZ_IN_SYS_IOCTL 1
| #define VOID_SIGHANDLER 1
| #define FIONREAD_IN_SYS_IOCTL 1
| #define STRUCT_WINSIZE_IN_SYS_IOCTL 1
| #define HAVE_STRUCT_DIRENT_D_INO 1
| #define HAVE_STRUCT_DIRENT_D_FILENO 1
| #define HAVE_DECL_AUDIT_USER_TTY 1
| /* end confdefs.h.  */
| /* Define tgetent to an innocuous variant, in case <limits.h> declares tgetent.
|    For example, HP-UX 11i <limits.h> declares gettimeofday.  */
| #define tgetent innocuous_tgetent
| 
| /* System header to define __stub macros and hopefully few prototypes,
|     which can conflict with char tgetent (); below.
|     Prefer <limits.h> to <assert.h> if __STDC__ is defined, since
|     <limits.h> exists even on freestanding compilers.  */
| 
| #ifdef __STDC__
| # include <limits.h>
| #else
| # include <assert.h>
| #endif
| 
| #undef tgetent
| 
| /* Override any GCC internal prototype to avoid an error.
|    Use char because int might match the return type of a GCC
|    builtin and then its argument prototype would still apply.  */
| #ifdef __cplusplus
| extern "C"
| #endif
| char tgetent ();
| /* The GNU C library defines this for functions which it implements
|     to always fail with ENOSYS.  Some functions are actually named
|     something starting with __ and the normal name is an alias.  */
| #if defined __stub_tgetent || defined __stub___tgetent
| choke me
| #endif
| 
| int
| main ()
| {
| return tgetent ();
|   ;
|   return 0;
| }
configure:5813: result: no
configure:5817: checking for tgetent in -ltermcap
configure:5842: gcc -o conftest -w -O2  -fPIC  -s  -fPIC conftest.c -ltermcap   >&5
/bin/ld: cannot find -ltermcap
collect2: error: ld returned 1 exit status
configure:5842: $? = 1
configure: failed program was:
| /* confdefs.h */
| #define PACKAGE_NAME "readline"
| #define PACKAGE_TARNAME "readline"
| #define PACKAGE_VERSION "6.3"
| #define PACKAGE_STRING "readline 6.3"
| #define PACKAGE_BUGREPORT "bug-readline@gnu.org"
| #define PACKAGE_URL ""
| #define STDC_HEADERS 1
| #define HAVE_SYS_TYPES_H 1
| #define HAVE_SYS_STAT_H 1
| #define HAVE_STDLIB_H 1
| #define HAVE_STRING_H 1
| #define HAVE_MEMORY_H 1
| #define HAVE_STRINGS_H 1
| #define HAVE_INTTYPES_H 1
| #define HAVE_STDINT_H 1
| #define HAVE_UNISTD_H 1
| #define __EXTENSIONS__ 1
| #define _ALL_SOURCE 1
| #define _GNU_SOURCE 1
| #define _POSIX_PTHREAD_SEMANTICS 1
| #define _TANDEM_SOURCE 1
| #define PROTOTYPES 1
| #define __PROTOTYPES 1
| #define RETSIGTYPE void
| #define STDC_HEADERS 1
| #define HAVE_DIRENT_H 1
| #define HAVE_FCNTL 1
| #define HAVE_KILL 1
| #define HAVE_LSTAT 1
| #define HAVE_MEMMOVE 1
| #define HAVE_PUTENV 1
| #define HAVE_SELECT 1
| #define HAVE_SETENV 1
| #define HAVE_SETLOCALE 1
| #define HAVE_STRCASECMP 1
| #define HAVE_STRPBRK 1
| #define HAVE_TCGETATTR 1
| #define HAVE_VSNPRINTF 1
| #define HAVE_ISASCII 1
| #define HAVE_ISXDIGIT 1
| #define HAVE_GETPWENT 1
| #define HAVE_GETPWNAM 1
| #define HAVE_GETPWUID 1
| #define HAVE_STRCOLL 1
| #define HAVE_FCNTL_H 1
| #define HAVE_UNISTD_H 1
| #define HAVE_STDLIB_H 1
| #define HAVE_STDARG_H 1
| #define HAVE_STDBOOL_H 1
| #define HAVE_STRING_H 1
| #define HAVE_STRINGS_H 1
| #define HAVE_LIMITS_H 1
| #define HAVE_LOCALE_H 1
| #define HAVE_PWD_H 1
| #define HAVE_MEMORY_H 1
| #define HAVE_TERMCAP_H 1
| #define HAVE_TERMIOS_H 1
| #define HAVE_TERMIO_H 1
| #define HAVE_SYS_SELECT_H 1
| #define HAVE_SYS_FILE_H 1
| #define HAVE_POSIX_SIGNALS 1
| #define HAVE_POSIX_SIGSETJMP 1
| #define HAVE_LSTAT 1
| #define HAVE_GETPW_DECLS 1
| #define GWINSZ_IN_SYS_IOCTL 1
| #define VOID_SIGHANDLER 1
| #define FIONREAD_IN_SYS_IOCTL 1
| #define STRUCT_WINSIZE_IN_SYS_IOCTL 1
| #define HAVE_STRUCT_DIRENT_D_INO 1
| #define HAVE_STRUCT_DIRENT_D_FILENO 1
| #define HAVE_DECL_AUDIT_USER_TTY 1
| /* end confdefs.h.  */
| 
| /* Override any GCC internal prototype to avoid an error.
|    Use char because int might match the return type of a GCC
|    builtin and then its argument prototype would still apply.  */
| #ifdef __cplusplus
| extern "C"
| #endif
| char tgetent ();
| int
| main ()
| {
| return tgetent ();
|   ;
|   return 0;
| }
configure:5851: result: no
configure:5856: checking for tgetent in -ltinfo
configure:5881: gcc -o conftest -w -O2  -fPIC  -s  -fPIC conftest.c -ltinfo   >&5
configure:5881: $? = 0
configure:5890: result: yes
configure:5987: checking which library has the termcap functions
configure:5990: result: using libtinfo
configure:6024: checking wctype.h usability
configure:6024: gcc -c -w -O2  -fPIC  conftest.c >&5
configure:6024: $? = 0
configure:6024: result: yes
configure:6024: checking wctype.h presence
configure:6024: gcc -E  conftest.c
configure:6024: $? = 0
configure:6024: result: yes
configure:6024: checking for wctype.h
configure:6024: result: yes
configure:6036: checking wchar.h usability
configure:6036: gcc -c -w -O2  -fPIC  conftest.c >&5
configure:6036: $? = 0
configure:6036: result: yes
configure:6036: checking wchar.h presence
configure:6036: gcc -E  conftest.c
configure:6036: $? = 0
configure:6036: result: yes
configure:6036: checking for wchar.h
configure:6036: result: yes
configure:6048: checking langinfo.h usability
configure:6048: gcc -c -w -O2  -fPIC  conftest.c >&5
configure:6048: $? = 0
configure:6048: result: yes
configure:6048: checking langinfo.h presence
configure:6048: gcc -E  conftest.c
configure:6048: $? = 0
configure:6048: result: yes
configure:6048: checking for langinfo.h
configure:6048: result: yes
configure:6059: checking for mbrlen
configure:6059: gcc -o conftest -w -O2  -fPIC  -s  -fPIC conftest.c  >&5
configure:6059: $? = 0
configure:6059: result: yes
configure:6065: checking for mbscasecmp
configure:6065: gcc -o conftest -w -O2  -fPIC  -s  -fPIC conftest.c  >&5
/bin/ld: /tmp/ccbcbCdd.o: in function `main':
conftest.c:(.text.startup+0x7): undefined reference to `mbscasecmp'
collect2: error: ld returned 1 exit status
configure:6065: $? = 1
configure: failed program was:
| /* confdefs.h */
| #define PACKAGE_NAME "readline"
| #define PACKAGE_TARNAME "readline"
| #define PACKAGE_VERSION "6.3"
| #define PACKAGE_STRING "readline 6.3"
| #define PACKAGE_BUGREPORT "bug-readline@gnu.org"
| #define PACKAGE_URL ""
| #define STDC_HEADERS 1
| #define HAVE_SYS_TYPES_H 1
| #define HAVE_SYS_STAT_H 1
| #define HAVE_STDLIB_H 1
| #define HAVE_STRING_H 1
| #define HAVE_MEMORY_H 1
| #define HAVE_STRINGS_H 1
| #define HAVE_INTTYPES_H 1
| #define HAVE_STDINT_H 1
| #define HAVE_UNISTD_H 1
| #define __EXTENSIONS__ 1
| #define _ALL_SOURCE 1
| #define _GNU_SOURCE 1
| #define _POSIX_PTHREAD_SEMANTICS 1
| #define _TANDEM_SOURCE 1
| #define PROTOTYPES 1
| #define __PROTOTYPES 1
| #define RETSIGTYPE void
| #define STDC_HEADERS 1
| #define HAVE_DIRENT_H 1
| #define HAVE_FCNTL 1
| #define HAVE_KILL 1
| #define HAVE_LSTAT 1
| #define HAVE_MEMMOVE 1
| #define HAVE_PUTENV 1
| #define HAVE_SELECT 1
| #define HAVE_SETENV 1
| #define HAVE_SETLOCALE 1
| #define HAVE_STRCASECMP 1
| #define HAVE_STRPBRK 1
| #define HAVE_TCGETATTR 1
| #define HAVE_VSNPRINTF 1
| #define HAVE_ISASCII 1
| #define HAVE_ISXDIGIT 1
| #define HAVE_GETPWENT 1
| #define HAVE_GETPWNAM 1
| #define HAVE_GETPWUID 1
| #define HAVE_STRCOLL 1
| #define HAVE_FCNTL_H 1
| #define HAVE_UNISTD_H 1
| #define HAVE_STDLIB_H 1
| #define HAVE_STDARG_H 1
| #define HAVE_STDBOOL_H 1
| #define HAVE_STRING_H 1
| #define HAVE_STRINGS_H 1
| #define HAVE_LIMITS_H 1
| #define HAVE_LOCALE_H 1
| #define HAVE_PWD_H 1
| #define HAVE_MEMORY_H 1
| #define HAVE_TERMCAP_H 1
| #define HAVE_TERMIOS_H 1
| #define HAVE_TERMIO_H 1
| #define HAVE_SYS_SELECT_H 1
| #define HAVE_SYS_FILE_H 1
| #define HAVE_POSIX_SIGNALS 1
| #define HAVE_POSIX_SIGSETJMP 1
| #define HAVE_LSTAT 1
| #define HAVE_GETPW_DECLS 1
| #define GWINSZ_IN_SYS_IOCTL 1
| #define VOID_SIGHANDLER 1
| #define FIONREAD_IN_SYS_IOCTL 1
| #define STRUCT_WINSIZE_IN_SYS_IOCTL 1
| #define HAVE_STRUCT_DIRENT_D_INO 1
| #define HAVE_STRUCT_DIRENT_D_FILENO 1
| #define HAVE_DECL_AUDIT_USER_TTY 1
| #define HAVE_WCTYPE_H 1
| #define HAVE_WCHAR_H 1
| #define HAVE_LANGINFO_H 1
| #define HAVE_MBRLEN 1
| /* end confdefs.h.  */
| /* Define mbscasecmp to an innocuous variant, in case <limits.h> declares mbscasecmp.
|    For example, HP-UX 11i <limits.h> declares gettimeofday.  */
| #define mbscasecmp innocuous_mbscasecmp
| 
| /* System header to define __stub macros and hopefully few prototypes,
|     which can conflict with char mbscasecmp (); below.
|     Prefer <limits.h> to <assert.h> if __STDC__ is defined, since
|     <limits.h> exists even on freestanding compilers.  */
| 
| #ifdef __STDC__
| # include <limits.h>
| #else
| # include <assert.h>
| #endif
| 
| #undef mbscasecmp
| 
| /* Override any GCC internal prototype to avoid an error.
|    Use char because int might match the return type of a GCC
|    builtin and then its argument prototype would still apply.  */
| #ifdef __cplusplus
| extern "C"
| #endif
| char mbscasecmp ();
| /* The GNU C library defines this for functions which it implements
|     to always fail with ENOSYS.  Some functions are actually named
|     something starting with __ and the normal name is an alias.  */
| #if defined __stub_mbscasecmp || defined __stub___mbscasecmp
| choke me
| #endif
| 
| int
| main ()
| {
| return mbscasecmp ();
|   ;
|   return 0;
| }
configure:6065: result: no
configure:6071: checking for mbscmp
configure:6071: gcc -o conftest -w -O2  -fPIC  -s  -fPIC conftest.c  >&5
/bin/ld: /tmp/cc5DNvOf.o: in function `main':
conftest.c:(.text.startup+0x7): undefined reference to `mbscmp'
collect2: error: ld returned 1 exit status
configure:6071: $? = 1
configure: failed program was:
| /* confdefs.h */
| #define PACKAGE_NAME "readline"
| #define PACKAGE_TARNAME "readline"
| #define PACKAGE_VERSION "6.3"
| #define PACKAGE_STRING "readline 6.3"
| #define PACKAGE_BUGREPORT "bug-readline@gnu.org"
| #define PACKAGE_URL ""
| #define STDC_HEADERS 1
| #define HAVE_SYS_TYPES_H 1
| #define HAVE_SYS_STAT_H 1
| #define HAVE_STDLIB_H 1
| #define HAVE_STRING_H 1
| #define HAVE_MEMORY_H 1
| #define HAVE_STRINGS_H 1
| #define HAVE_INTTYPES_H 1
| #define HAVE_STDINT_H 1
| #define HAVE_UNISTD_H 1
| #define __EXTENSIONS__ 1
| #define _ALL_SOURCE 1
| #define _GNU_SOURCE 1
| #define _POSIX_PTHREAD_SEMANTICS 1
| #define _TANDEM_SOURCE 1
| #define PROTOTYPES 1
| #define __PROTOTYPES 1
| #define RETSIGTYPE void
| #define STDC_HEADERS 1
| #define HAVE_DIRENT_H 1
| #define HAVE_FCNTL 1
| #define HAVE_KILL 1
| #define HAVE_LSTAT 1
| #define HAVE_MEMMOVE 1
| #define HAVE_PUTENV 1
| #define HAVE_SELECT 1
| #define HAVE_SETENV 1
| #define HAVE_SETLOCALE 1
| #define HAVE_STRCASECMP 1
| #define HAVE_STRPBRK 1
| #define HAVE_TCGETATTR 1
| #define HAVE_VSNPRINTF 1
| #define HAVE_ISASCII 1
| #define HAVE_ISXDIGIT 1
| #define HAVE_GETPWENT 1
| #define HAVE_GETPWNAM 1
| #define HAVE_GETPWUID 1
| #define HAVE_STRCOLL 1
| #define HAVE_FCNTL_H 1
| #define HAVE_UNISTD_H 1
| #define HAVE_STDLIB_H 1
| #define HAVE_STDARG_H 1
| #define HAVE_STDBOOL_H 1
| #define HAVE_STRING_H 1
| #define HAVE_STRINGS_H 1
| #define HAVE_LIMITS_H 1
| #define HAVE_LOCALE_H 1
| #define HAVE_PWD_H 1
| #define HAVE_MEMORY_H 1
| #define HAVE_TERMCAP_H 1
| #define HAVE_TERMIOS_H 1
| #define HAVE_TERMIO_H 1
| #define HAVE_SYS_SELECT_H 1
| #define HAVE_SYS_FILE_H 1
| #define HAVE_POSIX_SIGNALS 1
| #define HAVE_POSIX_SIGSETJMP 1
| #define HAVE_LSTAT 1
| #define HAVE_GETPW_DECLS 1
| #define GWINSZ_IN_SYS_IOCTL 1
| #define VOID_SIGHANDLER 1
| #define FIONREAD_IN_SYS_IOCTL 1
| #define STRUCT_WINSIZE_IN_SYS_IOCTL 1
| #define HAVE_STRUCT_DIRENT_D_INO 1
| #define HAVE_STRUCT_DIRENT_D_FILENO 1
| #define HAVE_DECL_AUDIT_USER_TTY 1
| #define HAVE_WCTYPE_H 1
| #define HAVE_WCHAR_H 1
| #define HAVE_LANGINFO_H 1
| #define HAVE_MBRLEN 1
| /* end confdefs.h.  */
| /* Define mbscmp to an innocuous variant, in case <limits.h> declares mbscmp.
|    For example, HP-UX 11i <limits.h> declares gettimeofday.  */
| #define mbscmp innocuous_mbscmp
| 
| /* System header to define __stub macros and hopefully few prototypes,
|     which can conflict with char mbscmp (); below.
|     Prefer <limits.h> to <assert.h> if __STDC__ is defined, since
|     <limits.h> exists even on freestanding compilers.  */
| 
| #ifdef __STDC__
| # include <limits.h>
| #else
| # include <assert.h>
| #endif
| 
| #undef mbscmp
| 
| /* Override any GCC internal prototype to avoid an error.
|    Use char because int might match the return type of a GCC
|    builtin and then its argument prototype would still apply.  */
| #ifdef __cplusplus
| extern "C"
| #endif
| char mbscmp ();
| /* The GNU C library defines this for functions which it implements
|     to always fail with ENOSYS.  Some functions are actually named
|     something starting with __ and the normal name is an alias.  */
| #if defined __stub_mbscmp || defined __stub___mbscmp
| choke me
| #endif
| 
| int
| main ()
| {
| return mbscmp ();
|   ;
|   return 0;
| }
configure:6071: result: no
configure:6077: checking for mbsnrtowcs
configure:6077: gcc -o conftest -w -O2  -fPIC  -s  -fPIC conftest.c  >&5
configure:6077: $? = 0
configure:6077: result: yes
configure:6083: checking for mbsrtowcs
configure:6083: gcc -o conftest -w -O2  -fPIC  -s  -fPIC conftest.c  >&5
configure:6083: $? = 0
configure:6083: result: yes
configure:6090: checking for mbschr
configure:6090: gcc -o conftest -w -O2  -fPIC  -s  -fPIC conftest.c  >&5
/bin/ld: /tmp/ccDjELIQ.o: in function `main':
conftest.c:(.text.startup+0x7): undefined reference to `mbschr'
collect2: error: ld returned 1 exit status
configure:6090: $? = 1
configure: failed program was:
| /* confdefs.h */
| #define PACKAGE_NAME "readline"
| #define PACKAGE_TARNAME "readline"
| #define PACKAGE_VERSION "6.3"
| #define PACKAGE_STRING "readline 6.3"
| #define PACKAGE_BUGREPORT "bug-readline@gnu.org"
| #define PACKAGE_URL ""
| #define STDC_HEADERS 1
| #define HAVE_SYS_TYPES_H 1
| #define HAVE_SYS_STAT_H 1
| #define HAVE_STDLIB_H 1
| #define HAVE_STRING_H 1
| #define HAVE_MEMORY_H 1
| #define HAVE_STRINGS_H 1
| #define HAVE_INTTYPES_H 1
| #define HAVE_STDINT_H 1
| #define HAVE_UNISTD_H 1
| #define __EXTENSIONS__ 1
| #define _ALL_SOURCE 1
| #define _GNU_SOURCE 1
| #define _POSIX_PTHREAD_SEMANTICS 1
| #define _TANDEM_SOURCE 1
| #define PROTOTYPES 1
| #define __PROTOTYPES 1
| #define RETSIGTYPE void
| #define STDC_HEADERS 1
| #define HAVE_DIRENT_H 1
| #define HAVE_FCNTL 1
| #define HAVE_KILL 1
| #define HAVE_LSTAT 1
| #define HAVE_MEMMOVE 1
| #define HAVE_PUTENV 1
| #define HAVE_SELECT 1
| #define HAVE_SETENV 1
| #define HAVE_SETLOCALE 1
| #define HAVE_STRCASECMP 1
| #define HAVE_STRPBRK 1
| #define HAVE_TCGETATTR 1
| #define HAVE_VSNPRINTF 1
| #define HAVE_ISASCII 1
| #define HAVE_ISXDIGIT 1
| #define HAVE_GETPWENT 1
| #define HAVE_GETPWNAM 1
| #define HAVE_GETPWUID 1
| #define HAVE_STRCOLL 1
| #define HAVE_FCNTL_H 1
| #define HAVE_UNISTD_H 1
| #define HAVE_STDLIB_H 1
| #define HAVE_STDARG_H 1
| #define HAVE_STDBOOL_H 1
| #define HAVE_STRING_H 1
| #define HAVE_STRINGS_H 1
| #define HAVE_LIMITS_H 1
| #define HAVE_LOCALE_H 1
| #define HAVE_PWD_H 1
| #define HAVE_MEMORY_H 1
| #define HAVE_TERMCAP_H 1
| #define HAVE_TERMIOS_H 1
| #define HAVE_TERMIO_H 1
| #define HAVE_SYS_SELECT_H 1
| #define HAVE_SYS_FILE_H 1
| #define HAVE_POSIX_SIGNALS 1
| #define HAVE_POSIX_SIGSETJMP 1
| #define HAVE_LSTAT 1
| #define HAVE_GETPW_DECLS 1
| #define GWINSZ_IN_SYS_IOCTL 1
| #define VOID_SIGHANDLER 1
| #define FIONREAD_IN_SYS_IOCTL 1
| #define STRUCT_WINSIZE_IN_SYS_IOCTL 1
| #define HAVE_STRUCT_DIRENT_D_INO 1
| #define HAVE_STRUCT_DIRENT_D_FILENO 1
| #define HAVE_DECL_AUDIT_USER_TTY 1
| #define HAVE_WCTYPE_H 1
| #define HAVE_WCHAR_H 1
| #define HAVE_LANGINFO_H 1
| #define HAVE_MBRLEN 1
| #define HAVE_MBSNRTOWCS 1
| #define HAVE_MBSRTOWCS 1
| /* end confdefs.h.  */
| /* Define mbschr to an innocuous variant, in case <limits.h> declares mbschr.
|    For example, HP-UX 11i <limits.h> declares gettimeofday.  */
| #define mbschr innocuous_mbschr
| 
| /* System header to define __stub macros and hopefully few prototypes,
|     which can conflict with char mbschr (); below.
|     Prefer <limits.h> to <assert.h> if __STDC__ is defined, since
|     <limits.h> exists even on freestanding compilers.  */
| 
| #ifdef __STDC__
| # include <limits.h>
| #else
| # include <assert.h>
| #endif
| 
| #undef mbschr
| 
| /* Override any GCC internal prototype to avoid an error.
|    Use char because int might match the return type of a GCC
|    builtin and then its argument prototype would still apply.  */
| #ifdef __cplusplus
| extern "C"
| #endif
| char mbschr ();
| /* The GNU C library defines this for functions which it implements
|     to always fail with ENOSYS.  Some functions are actually named
|     something starting with __ and the normal name is an alias.  */
| #if defined __stub_mbschr || defined __stub___mbschr
| choke me
| #endif
| 
| int
| main ()
| {
| return mbschr ();
|   ;
|   return 0;
| }
configure:6090: result: no
configure:6105: checking for wcrtomb
configure:6105: gcc -o conftest -w -O2  -fPIC  -s  -fPIC conftest.c  >&5
configure:6105: $? = 0
configure:6105: result: yes
configure:6111: checking for wcscoll
configure:6111: gcc -o conftest -w -O2  -fPIC  -s  -fPIC conftest.c  >&5
configure:6111: $? = 0
configure:6111: result: yes
configure:6117: checking for wcsdup
configure:6117: gcc -o conftest -w -O2  -fPIC  -s  -fPIC conftest.c  >&5
configure:6117: $? = 0
configure:6117: result: yes
configure:6123: checking for wcwidth
configure:6123: gcc -o conftest -w -O2  -fPIC  -s  -fPIC conftest.c  >&5
configure:6123: $? = 0
configure:6123: result: yes
configure:6129: checking for wctype
configure:6129: gcc -o conftest -w -O2  -fPIC  -s  -fPIC conftest.c  >&5
configure:6129: $? = 0
configure:6129: result: yes
configure:6136: checking for wcswidth
configure:6136: gcc -o conftest -w -O2  -fPIC  -s  -fPIC conftest.c  >&5
configure:6136: $? = 0
configure:6136: result: yes
configure:6152: checking whether mbrtowc and mbstate_t are properly declared
configure:6172: gcc -o conftest -w -O2  -fPIC  -s  -fPIC conftest.c  >&5
configure:6172: $? = 0
configure:6180: result: yes
configure:6196: checking for iswlower
configure:6196: gcc -o conftest -w -O2  -fPIC  -s  -fPIC conftest.c  >&5
configure:6196: $? = 0
configure:6196: result: yes
configure:6196: checking for iswupper
configure:6196: gcc -o conftest -w -O2  -fPIC  -s  -fPIC conftest.c  >&5
configure:6196: $? = 0
configure:6196: result: yes
configure:6196: checking for towlower
configure:6196: gcc -o conftest -w -O2  -fPIC  -s  -fPIC conftest.c  >&5
configure:6196: $? = 0
configure:6196: result: yes
configure:6196: checking for towupper
configure:6196: gcc -o conftest -w -O2  -fPIC  -s  -fPIC conftest.c  >&5
configure:6196: $? = 0
configure:6196: result: yes
configure:6196: checking for iswctype
configure:6196: gcc -o conftest -w -O2  -fPIC  -s  -fPIC conftest.c  >&5
configure:6196: $? = 0
configure:6196: result: yes
configure:6206: checking for nl_langinfo and CODESET
configure:6222: gcc -o conftest -w -O2  -fPIC  -s  -fPIC conftest.c  >&5
configure:6222: $? = 0
configure:6230: result: yes
configure:6237: checking for wchar_t in wchar.h
configure:6257: gcc -c -w -O2  -fPIC  conftest.c >&5
configure:6257: $? = 0
configure:6264: result: yes
configure:6272: checking for wctype_t in wctype.h
configure:6291: gcc -c -w -O2  -fPIC  conftest.c >&5
configure:6291: $? = 0
configure:6298: result: yes
configure:6306: checking for wint_t in wctype.h
configure:6325: gcc -c -w -O2  -fPIC  conftest.c >&5
configure:6325: $? = 0
configure:6332: result: yes
configure:6340: checking for wcwidth broken with unicode combining characters
configure:6370: gcc -o conftest -w -O2  -fPIC  -s  -fPIC conftest.c  >&5
configure:6370: $? = 0
configure:6370: ./conftest
configure:6370: $? = 1
configure: program exited with status 1
configure: failed program was:
| /* confdefs.h */
| #define PACKAGE_NAME "readline"
| #define PACKAGE_TARNAME "readline"
| #define PACKAGE_VERSION "6.3"
| #define PACKAGE_STRING "readline 6.3"
| #define PACKAGE_BUGREPORT "bug-readline@gnu.org"
| #define PACKAGE_URL ""
| #define STDC_HEADERS 1
| #define HAVE_SYS_TYPES_H 1
| #define HAVE_SYS_STAT_H 1
| #define HAVE_STDLIB_H 1
| #define HAVE_STRING_H 1
| #define HAVE_MEMORY_H 1
| #define HAVE_STRINGS_H 1
| #define HAVE_INTTYPES_H 1
| #define HAVE_STDINT_H 1
| #define HAVE_UNISTD_H 1
| #define __EXTENSIONS__ 1
| #define _ALL_SOURCE 1
| #define _GNU_SOURCE 1
| #define _POSIX_PTHREAD_SEMANTICS 1
| #define _TANDEM_SOURCE 1
| #define PROTOTYPES 1
| #define __PROTOTYPES 1
| #define RETSIGTYPE void
| #define STDC_HEADERS 1
| #define HAVE_DIRENT_H 1
| #define HAVE_FCNTL 1
| #define HAVE_KILL 1
| #define HAVE_LSTAT 1
| #define HAVE_MEMMOVE 1
| #define HAVE_PUTENV 1
| #define HAVE_SELECT 1
| #define HAVE_SETENV 1
| #define HAVE_SETLOCALE 1
| #define HAVE_STRCASECMP 1
| #define HAVE_STRPBRK 1
| #define HAVE_TCGETATTR 1
| #define HAVE_VSNPRINTF 1
| #define HAVE_ISASCII 1
| #define HAVE_ISXDIGIT 1
| #define HAVE_GETPWENT 1
| #define HAVE_GETPWNAM 1
| #define HAVE_GETPWUID 1
| #define HAVE_STRCOLL 1
| #define HAVE_FCNTL_H 1
| #define HAVE_UNISTD_H 1
| #define HAVE_STDLIB_H 1
| #define HAVE_STDARG_H 1
| #define HAVE_STDBOOL_H 1
| #define HAVE_STRING_H 1
| #define HAVE_STRINGS_H 1
| #define HAVE_LIMITS_H 1
| #define HAVE_LOCALE_H 1
| #define HAVE_PWD_H 1
| #define HAVE_MEMORY_H 1
| #define HAVE_TERMCAP_H 1
| #define HAVE_TERMIOS_H 1
| #define HAVE_TERMIO_H 1
| #define HAVE_SYS_SELECT_H 1
| #define HAVE_SYS_FILE_H 1
| #define HAVE_POSIX_SIGNALS 1
| #define HAVE_POSIX_SIGSETJMP 1
| #define HAVE_LSTAT 1
| #define HAVE_GETPW_DECLS 1
| #define GWINSZ_IN_SYS_IOCTL 1
| #define VOID_SIGHANDLER 1
| #define FIONREAD_IN_SYS_IOCTL 1
| #define STRUCT_WINSIZE_IN_SYS_IOCTL 1
| #define HAVE_STRUCT_DIRENT_D_INO 1
| #define HAVE_STRUCT_DIRENT_D_FILENO 1
| #define HAVE_DECL_AUDIT_USER_TTY 1
| #define HAVE_WCTYPE_H 1
| #define HAVE_WCHAR_H 1
| #define HAVE_LANGINFO_H 1
| #define HAVE_MBRLEN 1
| #define HAVE_MBSNRTOWCS 1
| #define HAVE_MBSRTOWCS 1
| #define HAVE_WCRTOMB 1
| #define HAVE_WCSCOLL 1
| #define HAVE_WCSDUP 1
| #define HAVE_WCWIDTH 1
| #define HAVE_WCTYPE 1
| #define HAVE_WCSWIDTH 1
| #define HAVE_MBRTOWC 1
| #define HAVE_MBSTATE_T 1
| #define HAVE_ISWLOWER 1
| #define HAVE_ISWUPPER 1
| #define HAVE_TOWLOWER 1
| #define HAVE_TOWUPPER 1
| #define HAVE_ISWCTYPE 1
| #define HAVE_LANGINFO_CODESET 1
| #define HAVE_WCHAR_T 1
| #define HAVE_WCTYPE_T 1
| #define HAVE_WINT_T 1
| /* end confdefs.h.  */
| 
| #include <unistd.h>
| #include <stdlib.h>
| #include <stdio.h>
| 
| #include <locale.h>
| #include <wchar.h>
| 
| main(c, v)
| int     c;
| char    **v;
| {
|         int     w;
| 
|         setlocale(LC_ALL, "en_US.UTF-8");
|         w = wcwidth (0x0301);
|         exit (w == 0);  /* exit 0 if wcwidth broken */
| }
| 
configure:6380: result: 
configure:6422: checking configuration for building shared libraries
configure:6446: result: supported
configure:6615: creating ./config.status

## ---------------------- ##
## Running config.status. ##
## ---------------------- ##

This file was extended by readline config.status 6.3, which was
generated by GNU Autoconf 2.69.  Invocation command line was

  CONFIG_FILES    = 
  CONFIG_HEADERS  = 
  CONFIG_LINKS    = 
  CONFIG_COMMANDS = 
  $ ./config.status 

on arch-elitebook

config.status:930: creating Makefile
config.status:930: creating doc/Makefile
config.status:930: creating examples/Makefile
config.status:930: creating shlib/Makefile
config.status:930: creating config.h
config.status:1119: executing default commands

## ---------------- ##
## Cache variables. ##
## ---------------- ##

ac_cv_build=x86_64-unknown-linux-gnu
ac_cv_c_char_unsigned=no
ac_cv_c_compiler_gnu=yes
ac_cv_c_const=yes
ac_cv_c_volatile=yes
ac_cv_env_CC_set=
ac_cv_env_CC_value=
ac_cv_env_CFLAGS_set=set
ac_cv_env_CFLAGS_value='-w -O2  -fPIC'
ac_cv_env_CPPFLAGS_set=
ac_cv_env_CPPFLAGS_value=
ac_cv_env_CPP_set=
ac_cv_env_CPP_value=
ac_cv_env_LDFLAGS_set=set
ac_cv_env_LDFLAGS_value='-s  -fPIC'
ac_cv_env_LIBS_set=
ac_cv_env_LIBS_value=
ac_cv_env_build_alias_set=
ac_cv_env_build_alias_value=
ac_cv_env_host_alias_set=
ac_cv_env_host_alias_value=
ac_cv_env_target_alias_set=
ac_cv_env_target_alias_value=
ac_cv_func_fcntl=yes
ac_cv_func_getpwent=yes
ac_cv_func_getpwnam=yes
ac_cv_func_getpwuid=yes
ac_cv_func_isascii=yes
ac_cv_func_iswctype=yes
ac_cv_func_iswlower=yes
ac_cv_func_iswupper=yes
ac_cv_func_isxdigit=yes
ac_cv_func_kill=yes
ac_cv_func_lstat=yes
ac_cv_func_mbrlen=yes
ac_cv_func_mbrtowc=yes
ac_cv_func_mbscasecmp=no
ac_cv_func_mbschr=no
ac_cv_func_mbscmp=no
ac_cv_func_mbsnrtowcs=yes
ac_cv_func_mbsrtowcs=yes
ac_cv_func_memmove=yes
ac_cv_func_putenv=yes
ac_cv_func_select=yes
ac_cv_func_setenv=yes
ac_cv_func_setlocale=yes
ac_cv_func_strcasecmp=yes
ac_cv_func_strcoll_works=yes
ac_cv_func_strpbrk=yes
ac_cv_func_tcgetattr=yes
ac_cv_func_tgetent=no
ac_cv_func_towlower=yes
ac_cv_func_towupper=yes
ac_cv_func_vsnprintf=yes
ac_cv_func_wcrtomb=yes
ac_cv_func_wcscoll=yes
ac_cv_func_wcsdup=yes
ac_cv_func_wcswidth=yes
ac_cv_func_wctype=yes
ac_cv_func_wcwidth=yes
ac_cv_have_decl_AUDIT_USER_TTY=yes
ac_cv_have_sig_atomic_t=yes
ac_cv_header_dirent_dirent_h=yes
ac_cv_header_fcntl_h=yes
ac_cv_header_inttypes_h=yes
ac_cv_header_langinfo_h=yes
ac_cv_header_limits_h=yes
ac_cv_header_locale_h=yes
ac_cv_header_memory_h=yes
ac_cv_header_minix_config_h=no
ac_cv_header_pwd_h=yes
ac_cv_header_stat_broken=no
ac_cv_header_stdarg_h=yes
ac_cv_header_stdbool_h=yes
ac_cv_header_stdc=yes
ac_cv_header_stdint_h=yes
ac_cv_header_stdlib_h=yes
ac_cv_header_string_h=yes
ac_cv_header_strings_h=yes
ac_cv_header_sys_file_h=yes
ac_cv_header_sys_pte_h=no
ac_cv_header_sys_ptem_h=no
ac_cv_header_sys_select_h=yes
ac_cv_header_sys_stat_h=yes
ac_cv_header_sys_stream_h=no
ac_cv_header_sys_types_h=yes
ac_cv_header_termcap_h=yes
ac_cv_header_termio_h=yes
ac_cv_header_termios_h=yes
ac_cv_header_unistd_h=yes
ac_cv_header_varargs_h=no
ac_cv_header_wchar_h=yes
ac_cv_header_wctype_h=yes
ac_cv_host=x86_64-unknown-linux-gnu
ac_cv_lib_termcap_tgetent=no
ac_cv_lib_tinfo_tgetent=yes
ac_cv_objext=o
ac_cv_path_EGREP='/bin/grep -E'
ac_cv_path_GREP=/bin/grep
ac_cv_path_install='/bin/install -c'
ac_cv_prog_CPP='gcc -E'
ac_cv_prog_ac_ct_AR=ar
ac_cv_prog_ac_ct_CC=gcc
ac_cv_prog_ac_ct_RANLIB=ranlib
ac_cv_prog_cc_c89=
ac_cv_prog_cc_g=yes
ac_cv_prog_gcc_traditional=no
ac_cv_prog_make_make_set=yes
ac_cv_safe_to_define___extensions__=yes
ac_cv_search_opendir='none required'
ac_cv_sys_file_offset_bits=no
ac_cv_sys_largefile_CC=no
ac_cv_sys_tiocgwinsz_in_sys_ioctl_h=yes
ac_cv_sys_tiocgwinsz_in_termios_h=no
ac_cv_type_signal=void
ac_cv_type_size_t=yes
ac_cv_type_ssize_t=yes
bash_cv_dirent_has_d_fileno=yes
bash_cv_dirent_has_dino=yes
bash_cv_fionread_in_ioctl=yes
bash_cv_func_ctype_nonascii=no
bash_cv_func_lstat=yes
bash_cv_func_sigsetjmp=present
bash_cv_func_strcoll_broken=no
bash_cv_getpw_declared=yes
bash_cv_langinfo_codeset=yes
bash_cv_must_reinstall_sighandlers=no
bash_cv_signal_vintage=posix
bash_cv_speed_t_in_sys_types=no
bash_cv_struct_winsize_header=ioctl_h
bash_cv_termcap_lib=libtinfo
bash_cv_tiocstat_in_ioctl=no
bash_cv_type_wchar_t=yes
bash_cv_type_wctype_t=yes
bash_cv_type_wint_t=yes
bash_cv_void_sighandler=yes
bash_cv_wcwdith_broken=no

## ----------------- ##
## Output variables. ##
## ----------------- ##

AR='ar'
ARFLAGS='cr'
BUILD_DIR='/home/martino/avrdude-build-script/readline-6.3'
CC='gcc'
CFLAGS='-w -O2  -fPIC'
CPP='gcc -E'
CPPFLAGS=''
CROSS_COMPILE=''
DEFS='-DHAVE_CONFIG_H'
ECHO_C=''
ECHO_N='-n'
ECHO_T=''
EGREP='/bin/grep -E'
EXEEXT=''
GREP='/bin/grep'
INSTALL_DATA='${INSTALL} -m 644'
INSTALL_PROGRAM='${INSTALL}'
INSTALL_SCRIPT='${INSTALL}'
LDFLAGS='-s  -fPIC'
LIBOBJS=' ${LIBOBJDIR}mbschr$U.o'
LIBS=''
LIBVERSION='6.3'
LOCAL_CFLAGS=''
LOCAL_DEFS=''
LOCAL_LDFLAGS=''
LTLIBOBJS=' ${LIBOBJDIR}mbschr$U.lo'
MAKE_SHELL='/bin/sh'
OBJEXT='o'
PACKAGE_BUGREPORT='bug-readline@gnu.org'
PACKAGE_NAME='readline'
PACKAGE_STRING='readline 6.3'
PACKAGE_TARNAME='readline'
PACKAGE_URL=''
PACKAGE_VERSION='6.3'
PATH_SEPARATOR=':'
PURIFY=''
RANLIB='ranlib'
SET_MAKE=''
SHARED_INSTALL_TARGET=''
SHARED_TARGET=''
SHELL='/bin/sh'
SHLIB_DLLVERSION='$(SHLIB_MAJOR)'
SHLIB_DOT='.'
SHLIB_LIBPREF='lib'
SHLIB_LIBS=''
SHLIB_LIBSUFF='so'
SHLIB_LIBVERSION='$(SHLIB_LIBSUFF).$(SHLIB_MAJOR)$(SHLIB_MINOR)'
SHLIB_MAJOR='6'
SHLIB_MINOR='3'
SHLIB_STATUS='supported'
SHLIB_XLDFLAGS='-Wl,-rpath,$(libdir) -Wl,-soname,`basename $@ $(SHLIB_MINOR)`'
SHOBJ_CC='gcc'
SHOBJ_CFLAGS='-fPIC'
SHOBJ_LD='${CC}'
SHOBJ_LDFLAGS='-shared -Wl,-soname,$@'
SHOBJ_LIBS=''
SHOBJ_STATUS='supported'
SHOBJ_XLDFLAGS=''
STATIC_INSTALL_TARGET='install-static'
STATIC_TARGET='static'
TERMCAP_LIB='-ltinfo'
ac_ct_CC='gcc'
bindir='${exec_prefix}/bin'
build='x86_64-unknown-linux-gnu'
build_alias=''
build_cpu='x86_64'
build_os='linux-gnu'
build_vendor='unknown'
datadir='${datarootdir}'
datarootdir='${prefix}/share'
docdir='${datarootdir}/doc/${PACKAGE_TARNAME}'
dvidir='${docdir}'
exec_prefix='${prefix}'
host='x86_64-unknown-linux-gnu'
host_alias=''
host_cpu='x86_64'
host_os='linux-gnu'
host_vendor='unknown'
htmldir='${docdir}'
includedir='${prefix}/include'
infodir='${datarootdir}/info'
libdir='${exec_prefix}/lib'
libexecdir='${exec_prefix}/libexec'
localedir='${datarootdir}/locale'
localstatedir='${prefix}/var'
mandir='${datarootdir}/man'
oldincludedir='/usr/include'
pdfdir='${docdir}'
prefix='/home/martino/avrdude-build-script/objdir'
program_transform_name='s,x,x,'
psdir='${docdir}'
sbindir='${exec_prefix}/sbin'
sharedstatedir='${prefix}/com'
sysconfdir='${prefix}/etc'
target_alias=''

## ----------- ##
## confdefs.h. ##
## ----------- ##

/* confdefs.h */
#define PACKAGE_NAME "readline"
#define PACKAGE_TARNAME "readline"
#define PACKAGE_VERSION "6.3"
#define PACKAGE_STRING "readline 6.3"
#define PACKAGE_BUGREPORT "bug-readline@gnu.org"
#define PACKAGE_URL ""
#define STDC_HEADERS 1
#define HAVE_SYS_TYPES_H 1
#define HAVE_SYS_STAT_H 1
#define HAVE_STDLIB_H 1
#define HAVE_STRING_H 1
#define HAVE_MEMORY_H 1
#define HAVE_STRINGS_H 1
#define HAVE_INTTYPES_H 1
#define HAVE_STDINT_H 1
#define HAVE_UNISTD_H 1
#define __EXTENSIONS__ 1
#define _ALL_SOURCE 1
#define _GNU_SOURCE 1
#define _POSIX_PTHREAD_SEMANTICS 1
#define _TANDEM_SOURCE 1
#define PROTOTYPES 1
#define __PROTOTYPES 1
#define RETSIGTYPE void
#define STDC_HEADERS 1
#define HAVE_DIRENT_H 1
#define HAVE_FCNTL 1
#define HAVE_KILL 1
#define HAVE_LSTAT 1
#define HAVE_MEMMOVE 1
#define HAVE_PUTENV 1
#define HAVE_SELECT 1
#define HAVE_SETENV 1
#define HAVE_SETLOCALE 1
#define HAVE_STRCASECMP 1
#define HAVE_STRPBRK 1
#define HAVE_TCGETATTR 1
#define HAVE_VSNPRINTF 1
#define HAVE_ISASCII 1
#define HAVE_ISXDIGIT 1
#define HAVE_GETPWENT 1
#define HAVE_GETPWNAM 1
#define HAVE_GETPWUID 1
#define HAVE_STRCOLL 1
#define HAVE_FCNTL_H 1
#define HAVE_UNISTD_H 1
#define HAVE_STDLIB_H 1
#define HAVE_STDARG_H 1
#define HAVE_STDBOOL_H 1
#define HAVE_STRING_H 1
#define HAVE_STRINGS_H 1
#define HAVE_LIMITS_H 1
#define HAVE_LOCALE_H 1
#define HAVE_PWD_H 1
#define HAVE_MEMORY_H 1
#define HAVE_TERMCAP_H 1
#define HAVE_TERMIOS_H 1
#define HAVE_TERMIO_H 1
#define HAVE_SYS_SELECT_H 1
#define HAVE_SYS_FILE_H 1
#define HAVE_POSIX_SIGNALS 1
#define HAVE_POSIX_SIGSETJMP 1
#define HAVE_LSTAT 1
#define HAVE_GETPW_DECLS 1
#define GWINSZ_IN_SYS_IOCTL 1
#define VOID_SIGHANDLER 1
#define FIONREAD_IN_SYS_IOCTL 1
#define STRUCT_WINSIZE_IN_SYS_IOCTL 1
#define HAVE_STRUCT_DIRENT_D_INO 1
#define HAVE_STRUCT_DIRENT_D_FILENO 1
#define HAVE_DECL_AUDIT_USER_TTY 1
#define HAVE_WCTYPE_H 1
#define HAVE_WCHAR_H 1
#define HAVE_LANGINFO_H 1
#define HAVE_MBRLEN 1
#define HAVE_MBSNRTOWCS 1
#define HAVE_MBSRTOWCS 1
#define HAVE_WCRTOMB 1
#define HAVE_WCSCOLL 1
#define HAVE_WCSDUP 1
#define HAVE_WCWIDTH 1
#define HAVE_WCTYPE 1
#define HAVE_WCSWIDTH 1
#define HAVE_MBRTOWC 1
#define HAVE_MBSTATE_T 1
#define HAVE_ISWLOWER 1
#define HAVE_ISWUPPER 1
#define HAVE_TOWLOWER 1
#define HAVE_TOWUPPER 1
#define HAVE_ISWCTYPE 1
#define HAVE_LANGINFO_CODESET 1
#define HAVE_WCHAR_T 1
#define HAVE_WCTYPE_T 1
#define HAVE_WINT_T 1

configure: exit 0
